TpTrace Verbose: 0 : 23712, 1, 2023/06/26, 11:31:28.284, 3393603430467, vstest.console.dll, Version: 17.6.0-release-20230405-08 Current process architecture: X64
TpTrace Verbose: 0 : 23712, 1, 2023/06/26, 11:31:28.285, 3393603444243, vstest.console.dll, Runtime location: C:\Program Files\dotnet\shared\Microsoft.NETCore.App\7.0.7
TpTrace Verbose: 0 : 23712, 1, 2023/06/26, 11:31:28.302, 3393603615848, vstest.console.dll, ArtifactProcessingPostProcessModeProcessorExecutor.Initialize: ArtifactProcessingMode.Collect
TpTrace Verbose: 0 : 23712, 1, 2023/06/26, 11:31:28.302, 3393603617228, vstest.console.dll, TestSessionCorrelationIdProcessorModeProcessorExecutor.Initialize: TestSessionCorrelationId '17348_6243d4da-15cf-47de-9c0e-7a855e9bc420'
TpTrace Information: 0 : 23712, 1, 2023/06/26, 11:31:28.312, 3393603715956, vstest.console.dll, FilePatternParser: The given file C:\Users\Madhav15303\source\repos\Assignment_UKHO\Assignment_UKHO.Tests\bin\Debug\net6.0\fine-code-coverage\build-output\Assignment_UKHO.Tests.dll is a full path.
TpTrace Verbose: 0 : 23712, 1, 2023/06/26, 11:31:28.357, 3393604160561, vstest.console.dll, TestPluginCache.DiscoverTestExtensions: finding test extensions in assemblies ends with: RuntimeProvider.dll TPluginInfo: Microsoft.VisualStudio.TestPlatform.Common.ExtensionFramework.Utilities.TestRuntimePluginInformation TExtension: Microsoft.VisualStudio.TestPlatform.ObjectModel.Host.ITestRuntimeProvider
TpTrace Verbose: 0 : 23712, 1, 2023/06/26, 11:31:28.357, 3393604164729, vstest.console.dll, TestPluginCache.GetExtensionPaths: Filtered extension paths: 
TpTrace Verbose: 0 : 23712, 1, 2023/06/26, 11:31:28.357, 3393604165556, vstest.console.dll, TestPluginCache.GetExtensionPaths: Added default extension paths: C:\Program Files\dotnet\sdk\7.0.304\Extensions\Microsoft.Diagnostics.NETCore.Client.dll
C:\Program Files\dotnet\sdk\7.0.304\Extensions\Microsoft.TestPlatform.Extensions.BlameDataCollector.dll
C:\Program Files\dotnet\sdk\7.0.304\Extensions\Microsoft.TestPlatform.Extensions.EventLogCollector.dll
C:\Program Files\dotnet\sdk\7.0.304\Extensions\Microsoft.TestPlatform.TestHostRuntimeProvider.dll
C:\Program Files\dotnet\sdk\7.0.304\Extensions\Microsoft.VisualStudio.TestPlatform.Extensions.Html.TestLogger.dll
C:\Program Files\dotnet\sdk\7.0.304\Extensions\Microsoft.VisualStudio.TestPlatform.Extensions.Trx.TestLogger.dll
TpTrace Verbose: 0 : 23712, 1, 2023/06/26, 11:31:28.357, 3393604165940, vstest.console.dll, TestPluginCache.GetExtensionPaths: Added unfilterableExtensionPaths: 
TpTrace Information: 0 : 23712, 1, 2023/06/26, 11:31:28.358, 3393604172874, vstest.console.dll, AssemblyResolver.ctor: Creating AssemblyResolver with searchDirectories C:\Program Files\dotnet\sdk\7.0.304\Extensions,C:\Program Files\dotnet\sdk\7.0.304
TpTrace Verbose: 0 : 23712, 1, 2023/06/26, 11:31:28.371, 3393604306009, vstest.console.dll, TestPluginCache.DiscoverTestExtensions: Discovering the extensions using extension path.
TpTrace Verbose: 0 : 23712, 1, 2023/06/26, 11:31:28.371, 3393604307858, vstest.console.dll, TestPluginCache.GetExtensionPaths: Filtered extension paths: 
TpTrace Verbose: 0 : 23712, 1, 2023/06/26, 11:31:28.371, 3393604308273, vstest.console.dll, TestPluginCache.GetExtensionPaths: Added default extension paths: C:\Program Files\dotnet\sdk\7.0.304\Extensions\Microsoft.Diagnostics.NETCore.Client.dll
C:\Program Files\dotnet\sdk\7.0.304\Extensions\Microsoft.TestPlatform.Extensions.BlameDataCollector.dll
C:\Program Files\dotnet\sdk\7.0.304\Extensions\Microsoft.TestPlatform.Extensions.EventLogCollector.dll
C:\Program Files\dotnet\sdk\7.0.304\Extensions\Microsoft.TestPlatform.TestHostRuntimeProvider.dll
C:\Program Files\dotnet\sdk\7.0.304\Extensions\Microsoft.VisualStudio.TestPlatform.Extensions.Html.TestLogger.dll
C:\Program Files\dotnet\sdk\7.0.304\Extensions\Microsoft.VisualStudio.TestPlatform.Extensions.Trx.TestLogger.dll
TpTrace Verbose: 0 : 23712, 1, 2023/06/26, 11:31:28.372, 3393604308533, vstest.console.dll, TestPluginCache.GetExtensionPaths: Added unfilterableExtensionPaths: 
TpTrace Verbose: 0 : 23712, 1, 2023/06/26, 11:31:28.372, 3393604309521, vstest.console.dll, TestPluginCache.DiscoverTestExtensions: Discovering the extensions using allExtensionPaths: C:\Program Files\dotnet\sdk\7.0.304\Extensions\Microsoft.Diagnostics.NETCore.Client.dll
C:\Program Files\dotnet\sdk\7.0.304\Extensions\Microsoft.TestPlatform.Extensions.BlameDataCollector.dll
C:\Program Files\dotnet\sdk\7.0.304\Extensions\Microsoft.TestPlatform.Extensions.EventLogCollector.dll
C:\Program Files\dotnet\sdk\7.0.304\Extensions\Microsoft.TestPlatform.TestHostRuntimeProvider.dll
C:\Program Files\dotnet\sdk\7.0.304\Extensions\Microsoft.VisualStudio.TestPlatform.Extensions.Html.TestLogger.dll
C:\Program Files\dotnet\sdk\7.0.304\Extensions\Microsoft.VisualStudio.TestPlatform.Extensions.Trx.TestLogger.dll
TpTrace Information: 0 : 23712, 1, 2023/06/26, 11:31:28.372, 3393604311481, vstest.console.dll, AssemblyResolver.AddSearchDirectories: Adding more searchDirectories C:\Program Files\dotnet\sdk\7.0.304\Extensions,C:\Program Files\dotnet\sdk\7.0.304
TpTrace Information: 0 : 23712, 1, 2023/06/26, 11:31:28.372, 3393604312209, vstest.console.dll, AssemblyResolver.AddSearchDirectories: Adding more searchDirectories C:\Program Files\dotnet\sdk\7.0.304\Extensions,C:\Program Files\dotnet\sdk\7.0.304
TpTrace Information: 0 : 23712, 1, 2023/06/26, 11:31:28.372, 3393604312450, vstest.console.dll, AssemblyResolver.AddSearchDirectories: Adding more searchDirectories C:\Program Files\dotnet\sdk\7.0.304\Extensions,C:\Program Files\dotnet\sdk\7.0.304
TpTrace Information: 0 : 23712, 1, 2023/06/26, 11:31:28.372, 3393604312668, vstest.console.dll, AssemblyResolver.AddSearchDirectories: Adding more searchDirectories C:\Program Files\dotnet\sdk\7.0.304\Extensions,C:\Program Files\dotnet\sdk\7.0.304
TpTrace Information: 0 : 23712, 1, 2023/06/26, 11:31:28.372, 3393604312844, vstest.console.dll, AssemblyResolver.AddSearchDirectories: Adding more searchDirectories C:\Program Files\dotnet\sdk\7.0.304\Extensions,C:\Program Files\dotnet\sdk\7.0.304
TpTrace Information: 0 : 23712, 1, 2023/06/26, 11:31:28.372, 3393604313014, vstest.console.dll, AssemblyResolver.AddSearchDirectories: Adding more searchDirectories C:\Program Files\dotnet\sdk\7.0.304\Extensions,C:\Program Files\dotnet\sdk\7.0.304
TpTrace Information: 0 : 23712, 1, 2023/06/26, 11:31:28.372, 3393604316646, vstest.console.dll, AssemblyResolver.OnResolve: Microsoft.Diagnostics.NETCore.Client: Resolving assembly.
TpTrace Information: 0 : 23712, 1, 2023/06/26, 11:31:28.372, 3393604317305, vstest.console.dll, AssemblyResolver.OnResolve: Microsoft.Diagnostics.NETCore.Client: Searching in: 'C:\Program Files\dotnet\sdk\7.0.304\Extensions'.
TpTrace Information: 0 : 23712, 1, 2023/06/26, 11:31:28.425, 3393604845239, vstest.console.dll, AssemblyResolver.OnResolve: Microsoft.Diagnostics.NETCore.Client: Loading assembly 'C:\Program Files\dotnet\sdk\7.0.304\Extensions\Microsoft.Diagnostics.NETCore.Client.dll'.
TpTrace Information: 0 : 23712, 1, 2023/06/26, 11:31:28.430, 3393604890532, vstest.console.dll, AssemblyResolver.OnResolve: Resolved assembly: Microsoft.Diagnostics.NETCore.Client, from path: C:\Program Files\dotnet\sdk\7.0.304\Extensions\Microsoft.Diagnostics.NETCore.Client.dll
TpTrace Verbose: 0 : 23712, 1, 2023/06/26, 11:31:28.431, 3393604904714, vstest.console.dll, MetadataReaderExtensionsHelper: Discovering extensions inside assembly 'Microsoft.Diagnostics.NETCore.Client, Version=0.2.6.42401, Culture=neutral, PublicKeyToken=31bf3856ad364e35' file path 'C:\Program Files\dotnet\sdk\7.0.304\Extensions\Microsoft.Diagnostics.NETCore.Client.dll'
TpTrace Information: 0 : 23712, 1, 2023/06/26, 11:31:28.444, 3393605033580, vstest.console.dll, AssemblyResolver.OnResolve: Microsoft.Bcl.AsyncInterfaces: Resolving assembly.
TpTrace Information: 0 : 23712, 1, 2023/06/26, 11:31:28.444, 3393605034713, vstest.console.dll, AssemblyResolver.OnResolve: Microsoft.Bcl.AsyncInterfaces: Searching in: 'C:\Program Files\dotnet\sdk\7.0.304\Extensions'.
TpTrace Information: 0 : 23712, 1, 2023/06/26, 11:31:28.444, 3393605035554, vstest.console.dll, AssemblyResolver.OnResolve: Microsoft.Bcl.AsyncInterfaces: Assembly path does not exist: 'C:\Program Files\dotnet\sdk\7.0.304\Extensions\Microsoft.Bcl.AsyncInterfaces.dll', returning.
TpTrace Information: 0 : 23712, 1, 2023/06/26, 11:31:28.444, 3393605036706, vstest.console.dll, AssemblyResolver.OnResolve: Microsoft.Bcl.AsyncInterfaces: Assembly path does not exist: 'C:\Program Files\dotnet\sdk\7.0.304\Extensions\Microsoft.Bcl.AsyncInterfaces.exe', returning.
TpTrace Information: 0 : 23712, 1, 2023/06/26, 11:31:28.444, 3393605036945, vstest.console.dll, AssemblyResolver.OnResolve: Microsoft.Bcl.AsyncInterfaces: Searching in: 'C:\Program Files\dotnet\sdk\7.0.304'.
TpTrace Information: 0 : 23712, 1, 2023/06/26, 11:31:28.444, 3393605037500, vstest.console.dll, AssemblyResolver.OnResolve: Microsoft.Bcl.AsyncInterfaces: Assembly path does not exist: 'C:\Program Files\dotnet\sdk\7.0.304\Microsoft.Bcl.AsyncInterfaces.dll', returning.
TpTrace Information: 0 : 23712, 1, 2023/06/26, 11:31:28.444, 3393605037897, vstest.console.dll, AssemblyResolver.OnResolve: Microsoft.Bcl.AsyncInterfaces: Assembly path does not exist: 'C:\Program Files\dotnet\sdk\7.0.304\Microsoft.Bcl.AsyncInterfaces.exe', returning.
TpTrace Information: 0 : 23712, 1, 2023/06/26, 11:31:28.444, 3393605038073, vstest.console.dll, AssemblyResolver.OnResolve: Microsoft.Bcl.AsyncInterfaces: Failed to load assembly.
TpTrace Verbose: 0 : 23712, 1, 2023/06/26, 11:31:28.444, 3393605038389, vstest.console.dll, CurrentDomainAssemblyResolve: Resolving assembly 'Microsoft.Bcl.AsyncInterfaces'.
TpTrace Information: 0 : 23712, 1, 2023/06/26, 11:31:28.445, 3393605038995, vstest.console.dll, AssemblyResolver.OnResolve: Microsoft.Bcl.AsyncInterfaces: Resolving assembly.
TpTrace Information: 0 : 23712, 1, 2023/06/26, 11:31:28.445, 3393605039355, vstest.console.dll, AssemblyResolver.OnResolve: Microsoft.Bcl.AsyncInterfaces: Resolved from cache.
TpTrace Verbose: 0 : 23712, 1, 2023/06/26, 11:31:28.445, 3393605039569, vstest.console.dll, CurrentDomainAssemblyResolve: Resolving assembly 'Microsoft.Bcl.AsyncInterfaces'.
TpTrace Verbose: 0 : 23712, 1, 2023/06/26, 11:31:28.445, 3393605039831, vstest.console.dll, CurrentDomainAssemblyResolve: Failed to resolve assembly 'Microsoft.Bcl.AsyncInterfaces'.
TpTrace Verbose: 0 : 23712, 1, 2023/06/26, 11:31:28.471, 3393605302671, vstest.console.dll, CurrentDomainAssemblyResolve: Failed to resolve assembly 'Microsoft.Bcl.AsyncInterfaces'.
TpTrace Warning: 0 : 23712, 1, 2023/06/26, 11:31:28.505, 3393605641260, vstest.console.dll, TestPluginDiscoverer: Failed to get types from assembly 'Microsoft.Diagnostics.NETCore.Client, Version=0.2.6.42401, Culture=neutral, PublicKeyToken=31bf3856ad364e35'. Error: System.Reflection.ReflectionTypeLoadException: Unable to load one or more of the requested types.
Could not load file or assembly 'Microsoft.Bcl.AsyncInterfaces, Version=1.0.0.0, Culture=neutral, PublicKeyToken=cc7b13ffcd2ddd51'. The system cannot find the file specified.
   at System.Reflection.RuntimeModule.GetTypes(RuntimeModule module)
   at System.Reflection.Assembly.GetTypes()
   at Microsoft.VisualStudio.TestPlatform.Common.ExtensionFramework.TestPluginDiscoverer.GetTestExtensionsFromAssembly[TPluginInfo,TExtension](Assembly assembly, Dictionary`2 pluginInfos, String filePath)
System.IO.FileNotFoundException: Could not load file or assembly 'Microsoft.Bcl.AsyncInterfaces, Version=1.0.0.0, Culture=neutral, PublicKeyToken=cc7b13ffcd2ddd51'. The system cannot find the file specified.
File name: 'Microsoft.Bcl.AsyncInterfaces, Version=1.0.0.0, Culture=neutral, PublicKeyToken=cc7b13ffcd2ddd51'
 ---> System.IO.FileNotFoundException: Could not load file or assembly 'Microsoft.Bcl.AsyncInterfaces, Culture=neutral, PublicKeyToken=null'. The system cannot find the file specified.
File name: 'Microsoft.Bcl.AsyncInterfaces, Culture=neutral, PublicKeyToken=null'
   at System.Reflection.RuntimeAssembly.InternalLoad(AssemblyName assemblyName, StackCrawlMark& stackMark, AssemblyLoadContext assemblyLoadContext, RuntimeAssembly requestingAssembly, Boolean throwOnFileNotFound)
   at System.Reflection.Assembly.Load(AssemblyName assemblyRef)
   at Microsoft.VisualStudio.TestPlatform.Common.ExtensionFramework.TestPluginCache.CurrentDomainAssemblyResolve(Object sender, AssemblyResolveEventArgs args)
   at System.Runtime.Loader.AssemblyLoadContext.GetFirstResolvedAssemblyFromResolvingEvent(AssemblyName assemblyName)
   at System.Runtime.Loader.AssemblyLoadContext.ResolveUsingEvent(AssemblyName assemblyName)
   at System.Runtime.Loader.AssemblyLoadContext.ResolveUsingResolvingEvent(IntPtr gchManagedAssemblyLoadContext, AssemblyName assemblyName)
TpTrace Warning: 0 : 23712, 1, 2023/06/26, 11:31:28.505, 3393605645792, vstest.console.dll, LoaderExceptions: System.IO.FileNotFoundException: Could not load file or assembly 'Microsoft.Bcl.AsyncInterfaces, Version=1.0.0.0, Culture=neutral, PublicKeyToken=cc7b13ffcd2ddd51'. The system cannot find the file specified.
File name: 'Microsoft.Bcl.AsyncInterfaces, Version=1.0.0.0, Culture=neutral, PublicKeyToken=cc7b13ffcd2ddd51'
 ---> System.IO.FileNotFoundException: Could not load file or assembly 'Microsoft.Bcl.AsyncInterfaces, Culture=neutral, PublicKeyToken=null'. The system cannot find the file specified.
File name: 'Microsoft.Bcl.AsyncInterfaces, Culture=neutral, PublicKeyToken=null'
   at System.Reflection.RuntimeAssembly.InternalLoad(AssemblyName assemblyName, StackCrawlMark& stackMark, AssemblyLoadContext assemblyLoadContext, RuntimeAssembly requestingAssembly, Boolean throwOnFileNotFound)
   at System.Reflection.Assembly.Load(AssemblyName assemblyRef)
   at Microsoft.VisualStudio.TestPlatform.Common.ExtensionFramework.TestPluginCache.CurrentDomainAssemblyResolve(Object sender, AssemblyResolveEventArgs args)
   at System.Runtime.Loader.AssemblyLoadContext.GetFirstResolvedAssemblyFromResolvingEvent(AssemblyName assemblyName)
   at System.Runtime.Loader.AssemblyLoadContext.ResolveUsingEvent(AssemblyName assemblyName)
   at System.Runtime.Loader.AssemblyLoadContext.ResolveUsingResolvingEvent(IntPtr gchManagedAssemblyLoadContext, AssemblyName assemblyName)
TpTrace Information: 0 : 23712, 1, 2023/06/26, 11:31:28.505, 3393605647539, vstest.console.dll, AssemblyResolver.OnResolve: Microsoft.TestPlatform.Extensions.BlameDataCollector: Resolving assembly.
TpTrace Information: 0 : 23712, 1, 2023/06/26, 11:31:28.505, 3393605647880, vstest.console.dll, AssemblyResolver.OnResolve: Microsoft.TestPlatform.Extensions.BlameDataCollector: Searching in: 'C:\Program Files\dotnet\sdk\7.0.304\Extensions'.
TpTrace Information: 0 : 23712, 1, 2023/06/26, 11:31:28.518, 3393605777047, vstest.console.dll, AssemblyResolver.OnResolve: Microsoft.TestPlatform.Extensions.BlameDataCollector: Loading assembly 'C:\Program Files\dotnet\sdk\7.0.304\Extensions\Microsoft.TestPlatform.Extensions.BlameDataCollector.dll'.
TpTrace Information: 0 : 23712, 1, 2023/06/26, 11:31:28.522, 3393605815562, vstest.console.dll, AssemblyResolver.OnResolve: Resolved assembly: Microsoft.TestPlatform.Extensions.BlameDataCollector, from path: C:\Program Files\dotnet\sdk\7.0.304\Extensions\Microsoft.TestPlatform.Extensions.BlameDataCollector.dll
TpTrace Verbose: 0 : 23712, 1, 2023/06/26, 11:31:28.522, 3393605816832, vstest.console.dll, MetadataReaderExtensionsHelper: Discovering extensions inside assembly 'Microsoft.TestPlatform.Extensions.BlameDataCollector, Version=15.0.0.0, Culture=neutral, PublicKeyToken=b03f5f7f11d50a3a' file path 'C:\Program Files\dotnet\sdk\7.0.304\Extensions\Microsoft.TestPlatform.Extensions.BlameDataCollector.dll'
TpTrace Information: 0 : 23712, 1, 2023/06/26, 11:31:28.525, 3393605843568, vstest.console.dll, AssemblyResolver.OnResolve: Microsoft.TestPlatform.Extensions.EventLogCollector: Resolving assembly.
TpTrace Information: 0 : 23712, 1, 2023/06/26, 11:31:28.525, 3393605844602, vstest.console.dll, AssemblyResolver.OnResolve: Microsoft.TestPlatform.Extensions.EventLogCollector: Searching in: 'C:\Program Files\dotnet\sdk\7.0.304\Extensions'.
TpTrace Information: 0 : 23712, 1, 2023/06/26, 11:31:28.534, 3393605938179, vstest.console.dll, AssemblyResolver.OnResolve: Microsoft.TestPlatform.Extensions.EventLogCollector: Loading assembly 'C:\Program Files\dotnet\sdk\7.0.304\Extensions\Microsoft.TestPlatform.Extensions.EventLogCollector.dll'.
TpTrace Information: 0 : 23712, 1, 2023/06/26, 11:31:28.538, 3393605975452, vstest.console.dll, AssemblyResolver.OnResolve: Resolved assembly: Microsoft.TestPlatform.Extensions.EventLogCollector, from path: C:\Program Files\dotnet\sdk\7.0.304\Extensions\Microsoft.TestPlatform.Extensions.EventLogCollector.dll
TpTrace Verbose: 0 : 23712, 1, 2023/06/26, 11:31:28.538, 3393605977023, vstest.console.dll, MetadataReaderExtensionsHelper: Discovering extensions inside assembly 'Microsoft.TestPlatform.Extensions.EventLogCollector, Version=15.0.0.0, Culture=neutral, PublicKeyToken=b03f5f7f11d50a3a' file path 'C:\Program Files\dotnet\sdk\7.0.304\Extensions\Microsoft.TestPlatform.Extensions.EventLogCollector.dll'
TpTrace Information: 0 : 23712, 1, 2023/06/26, 11:31:28.569, 3393606278712, vstest.console.dll, AssemblyResolver.OnResolve: Microsoft.TestPlatform.TestHostRuntimeProvider: Resolving assembly.
TpTrace Information: 0 : 23712, 1, 2023/06/26, 11:31:28.569, 3393606279642, vstest.console.dll, AssemblyResolver.OnResolve: Microsoft.TestPlatform.TestHostRuntimeProvider: Searching in: 'C:\Program Files\dotnet\sdk\7.0.304\Extensions'.
TpTrace Information: 0 : 23712, 1, 2023/06/26, 11:31:28.580, 3393606390421, vstest.console.dll, AssemblyResolver.OnResolve: Microsoft.TestPlatform.TestHostRuntimeProvider: Loading assembly 'C:\Program Files\dotnet\sdk\7.0.304\Extensions\Microsoft.TestPlatform.TestHostRuntimeProvider.dll'.
TpTrace Information: 0 : 23712, 1, 2023/06/26, 11:31:28.585, 3393606440332, vstest.console.dll, AssemblyResolver.OnResolve: Resolved assembly: Microsoft.TestPlatform.TestHostRuntimeProvider, from path: C:\Program Files\dotnet\sdk\7.0.304\Extensions\Microsoft.TestPlatform.TestHostRuntimeProvider.dll
TpTrace Verbose: 0 : 23712, 1, 2023/06/26, 11:31:28.585, 3393606441565, vstest.console.dll, MetadataReaderExtensionsHelper: Discovering extensions inside assembly 'Microsoft.TestPlatform.TestHostRuntimeProvider, Version=15.0.0.0, Culture=neutral, PublicKeyToken=b03f5f7f11d50a3a' file path 'C:\Program Files\dotnet\sdk\7.0.304\Extensions\Microsoft.TestPlatform.TestHostRuntimeProvider.dll'
TpTrace Information: 0 : 23712, 1, 2023/06/26, 11:31:28.588, 3393606474609, vstest.console.dll, GetTestExtensionFromType: Register extension with identifier data 'HostProvider://DefaultTestHost' and type 'Microsoft.VisualStudio.TestPlatform.CrossPlatEngine.Hosting.DefaultTestHostManager, Microsoft.TestPlatform.TestHostRuntimeProvider, Version=15.0.0.0, Culture=neutral, PublicKeyToken=b03f5f7f11d50a3a' inside file 'C:\Program Files\dotnet\sdk\7.0.304\Extensions\Microsoft.TestPlatform.TestHostRuntimeProvider.dll'
TpTrace Information: 0 : 23712, 1, 2023/06/26, 11:31:28.588, 3393606478083, vstest.console.dll, GetTestExtensionFromType: Register extension with identifier data 'HostProvider://DotnetTestHost' and type 'Microsoft.VisualStudio.TestPlatform.CrossPlatEngine.Hosting.DotnetTestHostManager, Microsoft.TestPlatform.TestHostRuntimeProvider, Version=15.0.0.0, Culture=neutral, PublicKeyToken=b03f5f7f11d50a3a' inside file 'C:\Program Files\dotnet\sdk\7.0.304\Extensions\Microsoft.TestPlatform.TestHostRuntimeProvider.dll'
TpTrace Information: 0 : 23712, 1, 2023/06/26, 11:31:28.589, 3393606479055, vstest.console.dll, AssemblyResolver.OnResolve: Microsoft.VisualStudio.TestPlatform.Extensions.Html.TestLogger: Resolving assembly.
TpTrace Information: 0 : 23712, 1, 2023/06/26, 11:31:28.589, 3393606479381, vstest.console.dll, AssemblyResolver.OnResolve: Microsoft.VisualStudio.TestPlatform.Extensions.Html.TestLogger: Searching in: 'C:\Program Files\dotnet\sdk\7.0.304\Extensions'.
TpTrace Information: 0 : 23712, 1, 2023/06/26, 11:31:28.599, 3393606580981, vstest.console.dll, AssemblyResolver.OnResolve: Microsoft.VisualStudio.TestPlatform.Extensions.Html.TestLogger: Loading assembly 'C:\Program Files\dotnet\sdk\7.0.304\Extensions\Microsoft.VisualStudio.TestPlatform.Extensions.Html.TestLogger.dll'.
TpTrace Information: 0 : 23712, 1, 2023/06/26, 11:31:28.602, 3393606616952, vstest.console.dll, AssemblyResolver.OnResolve: Resolved assembly: Microsoft.VisualStudio.TestPlatform.Extensions.Html.TestLogger, from path: C:\Program Files\dotnet\sdk\7.0.304\Extensions\Microsoft.VisualStudio.TestPlatform.Extensions.Html.TestLogger.dll
TpTrace Verbose: 0 : 23712, 1, 2023/06/26, 11:31:28.602, 3393606618026, vstest.console.dll, MetadataReaderExtensionsHelper: Discovering extensions inside assembly 'Microsoft.VisualStudio.TestPlatform.Extensions.Html.TestLogger, Version=15.0.0.0, Culture=neutral, PublicKeyToken=b03f5f7f11d50a3a' file path 'C:\Program Files\dotnet\sdk\7.0.304\Extensions\Microsoft.VisualStudio.TestPlatform.Extensions.Html.TestLogger.dll'
TpTrace Information: 0 : 23712, 1, 2023/06/26, 11:31:28.604, 3393606638087, vstest.console.dll, AssemblyResolver.OnResolve: Microsoft.VisualStudio.TestPlatform.Extensions.Trx.TestLogger: Resolving assembly.
TpTrace Information: 0 : 23712, 1, 2023/06/26, 11:31:28.605, 3393606638881, vstest.console.dll, AssemblyResolver.OnResolve: Microsoft.VisualStudio.TestPlatform.Extensions.Trx.TestLogger: Searching in: 'C:\Program Files\dotnet\sdk\7.0.304\Extensions'.
TpTrace Information: 0 : 23712, 1, 2023/06/26, 11:31:28.617, 3393606759367, vstest.console.dll, AssemblyResolver.OnResolve: Microsoft.VisualStudio.TestPlatform.Extensions.Trx.TestLogger: Loading assembly 'C:\Program Files\dotnet\sdk\7.0.304\Extensions\Microsoft.VisualStudio.TestPlatform.Extensions.Trx.TestLogger.dll'.
TpTrace Information: 0 : 23712, 1, 2023/06/26, 11:31:28.622, 3393606808671, vstest.console.dll, AssemblyResolver.OnResolve: Resolved assembly: Microsoft.VisualStudio.TestPlatform.Extensions.Trx.TestLogger, from path: C:\Program Files\dotnet\sdk\7.0.304\Extensions\Microsoft.VisualStudio.TestPlatform.Extensions.Trx.TestLogger.dll
TpTrace Verbose: 0 : 23712, 1, 2023/06/26, 11:31:28.622, 3393606809898, vstest.console.dll, MetadataReaderExtensionsHelper: Discovering extensions inside assembly 'Microsoft.VisualStudio.TestPlatform.Extensions.Trx.TestLogger, Version=15.0.0.0, Culture=neutral, PublicKeyToken=b03f5f7f11d50a3a' file path 'C:\Program Files\dotnet\sdk\7.0.304\Extensions\Microsoft.VisualStudio.TestPlatform.Extensions.Trx.TestLogger.dll'
TpTrace Verbose: 0 : 23712, 1, 2023/06/26, 11:31:28.624, 3393606833642, vstest.console.dll, TestPluginCache: Discovered the extensions using extension path ''.
TpTrace Verbose: 0 : 23712, 1, 2023/06/26, 11:31:28.624, 3393606834484, vstest.console.dll, TestPluginCache: Discoverers are ''.
TpTrace Verbose: 0 : 23712, 1, 2023/06/26, 11:31:28.624, 3393606834647, vstest.console.dll, TestPluginCache: Executors are ''.
TpTrace Verbose: 0 : 23712, 1, 2023/06/26, 11:31:28.624, 3393606834780, vstest.console.dll, TestPluginCache: Executors2 are ''.
TpTrace Verbose: 0 : 23712, 1, 2023/06/26, 11:31:28.624, 3393606834906, vstest.console.dll, TestPluginCache: Setting providers are ''.
TpTrace Verbose: 0 : 23712, 1, 2023/06/26, 11:31:28.624, 3393606835038, vstest.console.dll, TestPluginCache: Loggers are ''.
TpTrace Verbose: 0 : 23712, 1, 2023/06/26, 11:31:28.624, 3393606835952, vstest.console.dll, TestPluginCache: TestHosts are 'HostProvider://DefaultTestHost,HostProvider://DotnetTestHost'.
TpTrace Verbose: 0 : 23712, 1, 2023/06/26, 11:31:28.624, 3393606836171, vstest.console.dll, TestPluginCache: DataCollectors are ''.
TpTrace Information: 0 : 23712, 1, 2023/06/26, 11:31:28.685, 3393607447486, vstest.console.dll, RunTestsArgumentProcessor:Execute: Test run is starting.
TpTrace Verbose: 0 : 23712, 1, 2023/06/26, 11:31:28.685, 3393607448325, vstest.console.dll, RunTestsArgumentProcessor:Execute: Queuing Test run.
TpTrace Information: 0 : 23712, 1, 2023/06/26, 11:31:28.686, 3393607450235, vstest.console.dll, TestRequestManager.RunTests: run tests started.
TpTrace Information: 0 : 23712, 1, 2023/06/26, 11:31:28.688, 3393607474361, vstest.console.dll, AssemblyMetadataProvider.GetFrameworkName: Determined framework:'.NETCoreApp,Version=v6.0' for source: 'C:\Users\Madhav15303\source\repos\Assignment_UKHO\Assignment_UKHO.Tests\bin\Debug\net6.0\fine-code-coverage\build-output\Assignment_UKHO.Tests.dll'
TpTrace Information: 0 : 23712, 1, 2023/06/26, 11:31:28.688, 3393607477295, vstest.console.dll, Determined framework for all sources: .NETCoreApp,Version=v6.0
TpTrace Verbose: 0 : 23712, 1, 2023/06/26, 11:31:28.689, 3393607482028, vstest.console.dll, TestRequestManager.UpdateRunSettingsIfRequired: Default architecture: X64 IsDefaultTargetArchitecture: True, Current process architecture: X64 OperatingSystem: Windows.
TpTrace Information: 0 : 23712, 1, 2023/06/26, 11:31:28.693, 3393607521404, vstest.console.dll, AssemblyMetadataProvider.GetArchitecture: Determined architecture:AnyCPU info for assembly: C:\Users\Madhav15303\source\repos\Assignment_UKHO\Assignment_UKHO.Tests\bin\Debug\net6.0\fine-code-coverage\build-output\Assignment_UKHO.Tests.dll
TpTrace Information: 0 : 23712, 1, 2023/06/26, 11:31:28.693, 3393607522379, vstest.console.dll, Determined platform for source 'C:\Users\Madhav15303\source\repos\Assignment_UKHO\Assignment_UKHO.Tests\bin\Debug\net6.0\fine-code-coverage\build-output\Assignment_UKHO.Tests.dll' was AnyCPU and it will use the default plaform X64.
TpTrace Information: 0 : 23712, 1, 2023/06/26, 11:31:28.693, 3393607522584, vstest.console.dll, None of the sources provided any runnable platform, using the default platform: X64
TpTrace Information: 0 : 23712, 1, 2023/06/26, 11:31:28.693, 3393607523513, vstest.console.dll, Platform was updated to 'X64'.
TpTrace Information: 0 : 23712, 1, 2023/06/26, 11:31:28.696, 3393607553030, vstest.console.dll, InferRunSettingsHelper.IsTestSettingsEnabled: Unable to navigate to RunSettings/MSTest. Current node: RunSettings
TpTrace Information: 0 : 23712, 1, 2023/06/26, 11:31:28.697, 3393607558529, vstest.console.dll, AssemblyResolver.OnResolve: Microsoft.VisualStudio.TestPlatform.Fakes: Resolving assembly.
TpTrace Information: 0 : 23712, 1, 2023/06/26, 11:31:28.697, 3393607559047, vstest.console.dll, AssemblyResolver.OnResolve: Microsoft.VisualStudio.TestPlatform.Fakes: Searching in: 'C:\Program Files\dotnet\sdk\7.0.304\Extensions'.
TpTrace Information: 0 : 23712, 1, 2023/06/26, 11:31:28.697, 3393607560098, vstest.console.dll, AssemblyResolver.OnResolve: Microsoft.VisualStudio.TestPlatform.Fakes: Assembly path does not exist: 'C:\Program Files\dotnet\sdk\7.0.304\Extensions\Microsoft.VisualStudio.TestPlatform.Fakes.dll', returning.
TpTrace Information: 0 : 23712, 1, 2023/06/26, 11:31:28.697, 3393607560547, vstest.console.dll, AssemblyResolver.OnResolve: Microsoft.VisualStudio.TestPlatform.Fakes: Assembly path does not exist: 'C:\Program Files\dotnet\sdk\7.0.304\Extensions\Microsoft.VisualStudio.TestPlatform.Fakes.exe', returning.
TpTrace Information: 0 : 23712, 1, 2023/06/26, 11:31:28.697, 3393607560715, vstest.console.dll, AssemblyResolver.OnResolve: Microsoft.VisualStudio.TestPlatform.Fakes: Searching in: 'C:\Program Files\dotnet\sdk\7.0.304'.
TpTrace Information: 0 : 23712, 1, 2023/06/26, 11:31:28.697, 3393607561132, vstest.console.dll, AssemblyResolver.OnResolve: Microsoft.VisualStudio.TestPlatform.Fakes: Assembly path does not exist: 'C:\Program Files\dotnet\sdk\7.0.304\Microsoft.VisualStudio.TestPlatform.Fakes.dll', returning.
TpTrace Information: 0 : 23712, 1, 2023/06/26, 11:31:28.697, 3393607561566, vstest.console.dll, AssemblyResolver.OnResolve: Microsoft.VisualStudio.TestPlatform.Fakes: Assembly path does not exist: 'C:\Program Files\dotnet\sdk\7.0.304\Microsoft.VisualStudio.TestPlatform.Fakes.exe', returning.
TpTrace Information: 0 : 23712, 1, 2023/06/26, 11:31:28.697, 3393607561732, vstest.console.dll, AssemblyResolver.OnResolve: Microsoft.VisualStudio.TestPlatform.Fakes: Failed to load assembly.
TpTrace Information: 0 : 23712, 1, 2023/06/26, 11:31:28.697, 3393607563613, vstest.console.dll, Failed to load assembly Microsoft.VisualStudio.TestPlatform.Fakes, Version=17.0.0.0, Culture=neutral. Reason:System.IO.FileNotFoundException: Could not load file or assembly 'Microsoft.VisualStudio.TestPlatform.Fakes, Version=17.0.0.0, Culture=neutral, PublicKeyToken=null'. The system cannot find the file specified.
File name: 'Microsoft.VisualStudio.TestPlatform.Fakes, Version=17.0.0.0, Culture=neutral, PublicKeyToken=null'
   at System.Reflection.RuntimeAssembly.InternalLoad(AssemblyName assemblyName, StackCrawlMark& stackMark, AssemblyLoadContext assemblyLoadContext, RuntimeAssembly requestingAssembly, Boolean throwOnFileNotFound)
   at System.Reflection.Assembly.Load(AssemblyName assemblyRef)
   at Microsoft.VisualStudio.TestPlatform.Common.Utilities.FakesUtilities.LoadTestPlatformAssembly()
TpTrace Verbose: 0 : 23712, 1, 2023/06/26, 11:31:28.701, 3393607608251, vstest.console.dll, TestPluginCache.DiscoverTestExtensions: finding test extensions in assemblies ends with: TestLogger.dll TPluginInfo: Microsoft.VisualStudio.TestPlatform.Common.ExtensionFramework.Utilities.TestLoggerPluginInformation TExtension: Microsoft.VisualStudio.TestPlatform.ObjectModel.Client.ITestLogger
TpTrace Verbose: 0 : 23712, 1, 2023/06/26, 11:31:28.702, 3393607609296, vstest.console.dll, TestPluginCache.GetExtensionPaths: Filtered extension paths: 
TpTrace Verbose: 0 : 23712, 1, 2023/06/26, 11:31:28.702, 3393607609516, vstest.console.dll, TestPluginCache.GetExtensionPaths: Added default extension paths: C:\Program Files\dotnet\sdk\7.0.304\Extensions\Microsoft.Diagnostics.NETCore.Client.dll
C:\Program Files\dotnet\sdk\7.0.304\Extensions\Microsoft.TestPlatform.Extensions.BlameDataCollector.dll
C:\Program Files\dotnet\sdk\7.0.304\Extensions\Microsoft.TestPlatform.Extensions.EventLogCollector.dll
C:\Program Files\dotnet\sdk\7.0.304\Extensions\Microsoft.TestPlatform.TestHostRuntimeProvider.dll
C:\Program Files\dotnet\sdk\7.0.304\Extensions\Microsoft.VisualStudio.TestPlatform.Extensions.Html.TestLogger.dll
C:\Program Files\dotnet\sdk\7.0.304\Extensions\Microsoft.VisualStudio.TestPlatform.Extensions.Trx.TestLogger.dll
TpTrace Verbose: 0 : 23712, 1, 2023/06/26, 11:31:28.702, 3393607609695, vstest.console.dll, TestPluginCache.GetExtensionPaths: Added unfilterableExtensionPaths: 
TpTrace Information: 0 : 23712, 1, 2023/06/26, 11:31:28.702, 3393607611092, vstest.console.dll, AssemblyResolver.AddSearchDirectories: Adding more searchDirectories C:\Program Files\dotnet\sdk\7.0.304\Extensions,C:\Program Files\dotnet\sdk\7.0.304
TpTrace Verbose: 0 : 23712, 1, 2023/06/26, 11:31:28.702, 3393607611402, vstest.console.dll, TestPluginCache.DiscoverTestExtensions: Discovering the extensions using extension path.
TpTrace Verbose: 0 : 23712, 1, 2023/06/26, 11:31:28.702, 3393607611604, vstest.console.dll, TestPluginCache.GetExtensionPaths: Filtered extension paths: 
TpTrace Verbose: 0 : 23712, 1, 2023/06/26, 11:31:28.702, 3393607611806, vstest.console.dll, TestPluginCache.GetExtensionPaths: Added default extension paths: C:\Program Files\dotnet\sdk\7.0.304\Extensions\Microsoft.Diagnostics.NETCore.Client.dll
C:\Program Files\dotnet\sdk\7.0.304\Extensions\Microsoft.TestPlatform.Extensions.BlameDataCollector.dll
C:\Program Files\dotnet\sdk\7.0.304\Extensions\Microsoft.TestPlatform.Extensions.EventLogCollector.dll
C:\Program Files\dotnet\sdk\7.0.304\Extensions\Microsoft.TestPlatform.TestHostRuntimeProvider.dll
C:\Program Files\dotnet\sdk\7.0.304\Extensions\Microsoft.VisualStudio.TestPlatform.Extensions.Html.TestLogger.dll
C:\Program Files\dotnet\sdk\7.0.304\Extensions\Microsoft.VisualStudio.TestPlatform.Extensions.Trx.TestLogger.dll
TpTrace Verbose: 0 : 23712, 1, 2023/06/26, 11:31:28.702, 3393607611993, vstest.console.dll, TestPluginCache.GetExtensionPaths: Added unfilterableExtensionPaths: 
TpTrace Verbose: 0 : 23712, 1, 2023/06/26, 11:31:28.702, 3393607612180, vstest.console.dll, TestPluginCache.DiscoverTestExtensions: Discovering the extensions using allExtensionPaths: C:\Program Files\dotnet\sdk\7.0.304\Extensions\Microsoft.Diagnostics.NETCore.Client.dll
C:\Program Files\dotnet\sdk\7.0.304\Extensions\Microsoft.TestPlatform.Extensions.BlameDataCollector.dll
C:\Program Files\dotnet\sdk\7.0.304\Extensions\Microsoft.TestPlatform.Extensions.EventLogCollector.dll
C:\Program Files\dotnet\sdk\7.0.304\Extensions\Microsoft.TestPlatform.TestHostRuntimeProvider.dll
C:\Program Files\dotnet\sdk\7.0.304\Extensions\Microsoft.VisualStudio.TestPlatform.Extensions.Html.TestLogger.dll
C:\Program Files\dotnet\sdk\7.0.304\Extensions\Microsoft.VisualStudio.TestPlatform.Extensions.Trx.TestLogger.dll
TpTrace Information: 0 : 23712, 1, 2023/06/26, 11:31:28.702, 3393607613012, vstest.console.dll, AssemblyResolver.AddSearchDirectories: Adding more searchDirectories C:\Program Files\dotnet\sdk\7.0.304\Extensions,C:\Program Files\dotnet\sdk\7.0.304
TpTrace Information: 0 : 23712, 1, 2023/06/26, 11:31:28.702, 3393607613315, vstest.console.dll, AssemblyResolver.AddSearchDirectories: Adding more searchDirectories C:\Program Files\dotnet\sdk\7.0.304\Extensions,C:\Program Files\dotnet\sdk\7.0.304
TpTrace Information: 0 : 23712, 1, 2023/06/26, 11:31:28.702, 3393607613488, vstest.console.dll, AssemblyResolver.AddSearchDirectories: Adding more searchDirectories C:\Program Files\dotnet\sdk\7.0.304\Extensions,C:\Program Files\dotnet\sdk\7.0.304
TpTrace Information: 0 : 23712, 1, 2023/06/26, 11:31:28.702, 3393607613673, vstest.console.dll, AssemblyResolver.AddSearchDirectories: Adding more searchDirectories C:\Program Files\dotnet\sdk\7.0.304\Extensions,C:\Program Files\dotnet\sdk\7.0.304
TpTrace Information: 0 : 23712, 1, 2023/06/26, 11:31:28.702, 3393607613882, vstest.console.dll, AssemblyResolver.AddSearchDirectories: Adding more searchDirectories C:\Program Files\dotnet\sdk\7.0.304\Extensions,C:\Program Files\dotnet\sdk\7.0.304
TpTrace Information: 0 : 23712, 1, 2023/06/26, 11:31:28.702, 3393607614035, vstest.console.dll, AssemblyResolver.AddSearchDirectories: Adding more searchDirectories C:\Program Files\dotnet\sdk\7.0.304\Extensions,C:\Program Files\dotnet\sdk\7.0.304
TpTrace Verbose: 0 : 23712, 1, 2023/06/26, 11:31:28.702, 3393607614809, vstest.console.dll, MetadataReaderExtensionsHelper: Discovering extensions inside assembly 'Microsoft.Diagnostics.NETCore.Client, Version=0.2.6.42401, Culture=neutral, PublicKeyToken=31bf3856ad364e35' file path 'C:\Program Files\dotnet\sdk\7.0.304\Extensions\Microsoft.Diagnostics.NETCore.Client.dll'
TpTrace Information: 0 : 23712, 1, 2023/06/26, 11:31:28.704, 3393607634501, vstest.console.dll, AssemblyResolver.OnResolve: Microsoft.Bcl.AsyncInterfaces: Resolving assembly.
TpTrace Information: 0 : 23712, 1, 2023/06/26, 11:31:28.704, 3393607635239, vstest.console.dll, AssemblyResolver.OnResolve: Microsoft.Bcl.AsyncInterfaces: Resolved from cache.
TpTrace Verbose: 0 : 23712, 1, 2023/06/26, 11:31:28.704, 3393607635417, vstest.console.dll, CurrentDomainAssemblyResolve: Resolving assembly 'Microsoft.Bcl.AsyncInterfaces'.
TpTrace Information: 0 : 23712, 1, 2023/06/26, 11:31:28.704, 3393607635783, vstest.console.dll, AssemblyResolver.OnResolve: Microsoft.Bcl.AsyncInterfaces: Resolving assembly.
TpTrace Information: 0 : 23712, 1, 2023/06/26, 11:31:28.704, 3393607635935, vstest.console.dll, AssemblyResolver.OnResolve: Microsoft.Bcl.AsyncInterfaces: Resolved from cache.
TpTrace Verbose: 0 : 23712, 1, 2023/06/26, 11:31:28.704, 3393607636071, vstest.console.dll, CurrentDomainAssemblyResolve: Resolving assembly 'Microsoft.Bcl.AsyncInterfaces'.
TpTrace Verbose: 0 : 23712, 1, 2023/06/26, 11:31:28.704, 3393607636208, vstest.console.dll, CurrentDomainAssemblyResolve: Failed to resolve assembly 'Microsoft.Bcl.AsyncInterfaces'.
TpTrace Verbose: 0 : 23712, 1, 2023/06/26, 11:31:28.704, 3393607637349, vstest.console.dll, CurrentDomainAssemblyResolve: Failed to resolve assembly 'Microsoft.Bcl.AsyncInterfaces'.
TpTrace Warning: 0 : 23712, 1, 2023/06/26, 11:31:28.705, 3393607639679, vstest.console.dll, TestPluginDiscoverer: Failed to get types from assembly 'Microsoft.Diagnostics.NETCore.Client, Version=0.2.6.42401, Culture=neutral, PublicKeyToken=31bf3856ad364e35'. Error: System.Reflection.ReflectionTypeLoadException: Unable to load one or more of the requested types.
Could not load file or assembly 'Microsoft.Bcl.AsyncInterfaces, Version=1.0.0.0, Culture=neutral, PublicKeyToken=cc7b13ffcd2ddd51'. The system cannot find the file specified.
   at System.Reflection.RuntimeModule.GetTypes(RuntimeModule module)
   at System.Reflection.Assembly.GetTypes()
   at Microsoft.VisualStudio.TestPlatform.Common.ExtensionFramework.TestPluginDiscoverer.GetTestExtensionsFromAssembly[TPluginInfo,TExtension](Assembly assembly, Dictionary`2 pluginInfos, String filePath)
System.IO.FileNotFoundException: Could not load file or assembly 'Microsoft.Bcl.AsyncInterfaces, Version=1.0.0.0, Culture=neutral, PublicKeyToken=cc7b13ffcd2ddd51'. The system cannot find the file specified.
File name: 'Microsoft.Bcl.AsyncInterfaces, Version=1.0.0.0, Culture=neutral, PublicKeyToken=cc7b13ffcd2ddd51'
 ---> System.IO.FileNotFoundException: Could not load file or assembly 'Microsoft.Bcl.AsyncInterfaces, Culture=neutral, PublicKeyToken=null'. The system cannot find the file specified.
File name: 'Microsoft.Bcl.AsyncInterfaces, Culture=neutral, PublicKeyToken=null'
   at System.Reflection.RuntimeAssembly.InternalLoad(AssemblyName assemblyName, StackCrawlMark& stackMark, AssemblyLoadContext assemblyLoadContext, RuntimeAssembly requestingAssembly, Boolean throwOnFileNotFound)
   at System.Reflection.Assembly.Load(AssemblyName assemblyRef)
   at Microsoft.VisualStudio.TestPlatform.Common.ExtensionFramework.TestPluginCache.CurrentDomainAssemblyResolve(Object sender, AssemblyResolveEventArgs args)
   at System.Runtime.Loader.AssemblyLoadContext.GetFirstResolvedAssemblyFromResolvingEvent(AssemblyName assemblyName)
   at System.Runtime.Loader.AssemblyLoadContext.ResolveUsingEvent(AssemblyName assemblyName)
   at System.Runtime.Loader.AssemblyLoadContext.ResolveUsingResolvingEvent(IntPtr gchManagedAssemblyLoadContext, AssemblyName assemblyName)
TpTrace Warning: 0 : 23712, 1, 2023/06/26, 11:31:28.705, 3393607640695, vstest.console.dll, LoaderExceptions: System.IO.FileNotFoundException: Could not load file or assembly 'Microsoft.Bcl.AsyncInterfaces, Version=1.0.0.0, Culture=neutral, PublicKeyToken=cc7b13ffcd2ddd51'. The system cannot find the file specified.
File name: 'Microsoft.Bcl.AsyncInterfaces, Version=1.0.0.0, Culture=neutral, PublicKeyToken=cc7b13ffcd2ddd51'
 ---> System.IO.FileNotFoundException: Could not load file or assembly 'Microsoft.Bcl.AsyncInterfaces, Culture=neutral, PublicKeyToken=null'. The system cannot find the file specified.
File name: 'Microsoft.Bcl.AsyncInterfaces, Culture=neutral, PublicKeyToken=null'
   at System.Reflection.RuntimeAssembly.InternalLoad(AssemblyName assemblyName, StackCrawlMark& stackMark, AssemblyLoadContext assemblyLoadContext, RuntimeAssembly requestingAssembly, Boolean throwOnFileNotFound)
   at System.Reflection.Assembly.Load(AssemblyName assemblyRef)
   at Microsoft.VisualStudio.TestPlatform.Common.ExtensionFramework.TestPluginCache.CurrentDomainAssemblyResolve(Object sender, AssemblyResolveEventArgs args)
   at System.Runtime.Loader.AssemblyLoadContext.GetFirstResolvedAssemblyFromResolvingEvent(AssemblyName assemblyName)
   at System.Runtime.Loader.AssemblyLoadContext.ResolveUsingEvent(AssemblyName assemblyName)
   at System.Runtime.Loader.AssemblyLoadContext.ResolveUsingResolvingEvent(IntPtr gchManagedAssemblyLoadContext, AssemblyName assemblyName)
TpTrace Verbose: 0 : 23712, 1, 2023/06/26, 11:31:28.705, 3393607641342, vstest.console.dll, MetadataReaderExtensionsHelper: Discovering extensions inside assembly 'Microsoft.TestPlatform.Extensions.BlameDataCollector, Version=15.0.0.0, Culture=neutral, PublicKeyToken=b03f5f7f11d50a3a' file path 'C:\Program Files\dotnet\sdk\7.0.304\Extensions\Microsoft.TestPlatform.Extensions.BlameDataCollector.dll'
TpTrace Information: 0 : 23712, 1, 2023/06/26, 11:31:28.707, 3393607659753, vstest.console.dll, GetTestExtensionFromType: Register extension with identifier data 'logger://Microsoft/TestPlatform/Extensions/Blame/v1' and type 'Microsoft.TestPlatform.Extensions.BlameDataCollector.BlameLogger, Microsoft.TestPlatform.Extensions.BlameDataCollector, Version=15.0.0.0, Culture=neutral, PublicKeyToken=b03f5f7f11d50a3a' inside file 'C:\Program Files\dotnet\sdk\7.0.304\Extensions\Microsoft.TestPlatform.Extensions.BlameDataCollector.dll'
TpTrace Verbose: 0 : 23712, 1, 2023/06/26, 11:31:28.707, 3393607660982, vstest.console.dll, MetadataReaderExtensionsHelper: Discovering extensions inside assembly 'Microsoft.TestPlatform.Extensions.EventLogCollector, Version=15.0.0.0, Culture=neutral, PublicKeyToken=b03f5f7f11d50a3a' file path 'C:\Program Files\dotnet\sdk\7.0.304\Extensions\Microsoft.TestPlatform.Extensions.EventLogCollector.dll'
TpTrace Verbose: 0 : 23712, 1, 2023/06/26, 11:31:28.708, 3393607676328, vstest.console.dll, MetadataReaderExtensionsHelper: Discovering extensions inside assembly 'Microsoft.TestPlatform.TestHostRuntimeProvider, Version=15.0.0.0, Culture=neutral, PublicKeyToken=b03f5f7f11d50a3a' file path 'C:\Program Files\dotnet\sdk\7.0.304\Extensions\Microsoft.TestPlatform.TestHostRuntimeProvider.dll'
TpTrace Verbose: 0 : 23712, 1, 2023/06/26, 11:31:28.710, 3393607692812, vstest.console.dll, MetadataReaderExtensionsHelper: Discovering extensions inside assembly 'Microsoft.VisualStudio.TestPlatform.Extensions.Html.TestLogger, Version=15.0.0.0, Culture=neutral, PublicKeyToken=b03f5f7f11d50a3a' file path 'C:\Program Files\dotnet\sdk\7.0.304\Extensions\Microsoft.VisualStudio.TestPlatform.Extensions.Html.TestLogger.dll'
TpTrace Information: 0 : 23712, 1, 2023/06/26, 11:31:28.712, 3393607712707, vstest.console.dll, GetTestExtensionFromType: Register extension with identifier data 'logger://Microsoft/TestPlatform/HtmlLogger/v1' and type 'Microsoft.VisualStudio.TestPlatform.Extensions.HtmlLogger.HtmlLogger, Microsoft.VisualStudio.TestPlatform.Extensions.Html.TestLogger, Version=15.0.0.0, Culture=neutral, PublicKeyToken=b03f5f7f11d50a3a' inside file 'C:\Program Files\dotnet\sdk\7.0.304\Extensions\Microsoft.VisualStudio.TestPlatform.Extensions.Html.TestLogger.dll'
TpTrace Verbose: 0 : 23712, 1, 2023/06/26, 11:31:28.712, 3393607713720, vstest.console.dll, MetadataReaderExtensionsHelper: Discovering extensions inside assembly 'Microsoft.VisualStudio.TestPlatform.Extensions.Trx.TestLogger, Version=15.0.0.0, Culture=neutral, PublicKeyToken=b03f5f7f11d50a3a' file path 'C:\Program Files\dotnet\sdk\7.0.304\Extensions\Microsoft.VisualStudio.TestPlatform.Extensions.Trx.TestLogger.dll'
TpTrace Information: 0 : 23712, 1, 2023/06/26, 11:31:28.714, 3393607730524, vstest.console.dll, GetTestExtensionFromType: Register extension with identifier data 'logger://Microsoft/TestPlatform/TrxLogger/v1' and type 'Microsoft.VisualStudio.TestPlatform.Extensions.TrxLogger.TrxLogger, Microsoft.VisualStudio.TestPlatform.Extensions.Trx.TestLogger, Version=15.0.0.0, Culture=neutral, PublicKeyToken=b03f5f7f11d50a3a' inside file 'C:\Program Files\dotnet\sdk\7.0.304\Extensions\Microsoft.VisualStudio.TestPlatform.Extensions.Trx.TestLogger.dll'
TpTrace Verbose: 0 : 23712, 1, 2023/06/26, 11:31:28.714, 3393607732140, vstest.console.dll, TestPluginCache: Discovered the extensions using extension path ''.
TpTrace Verbose: 0 : 23712, 1, 2023/06/26, 11:31:28.714, 3393607732390, vstest.console.dll, TestPluginCache: Discoverers are ''.
TpTrace Verbose: 0 : 23712, 1, 2023/06/26, 11:31:28.714, 3393607732544, vstest.console.dll, TestPluginCache: Executors are ''.
TpTrace Verbose: 0 : 23712, 1, 2023/06/26, 11:31:28.714, 3393607732687, vstest.console.dll, TestPluginCache: Executors2 are ''.
TpTrace Verbose: 0 : 23712, 1, 2023/06/26, 11:31:28.714, 3393607732830, vstest.console.dll, TestPluginCache: Setting providers are ''.
TpTrace Verbose: 0 : 23712, 1, 2023/06/26, 11:31:28.714, 3393607733372, vstest.console.dll, TestPluginCache: Loggers are 'logger://Microsoft/TestPlatform/Extensions/Blame/v1,logger://Microsoft/TestPlatform/HtmlLogger/v1,logger://Microsoft/TestPlatform/TrxLogger/v1'.
TpTrace Verbose: 0 : 23712, 1, 2023/06/26, 11:31:28.714, 3393607733646, vstest.console.dll, TestPluginCache: TestHosts are 'HostProvider://DefaultTestHost,HostProvider://DotnetTestHost'.
TpTrace Verbose: 0 : 23712, 1, 2023/06/26, 11:31:28.714, 3393607733808, vstest.console.dll, TestPluginCache: DataCollectors are ''.
TpTrace Information: 0 : 23712, 1, 2023/06/26, 11:31:28.715, 3393607744433, vstest.console.dll, TestPluginManager.CreateTestExtension: Attempting to load test extension: Microsoft.TestPlatform.Extensions.BlameDataCollector.BlameLogger
TpTrace Verbose: 0 : 23712, 1, 2023/06/26, 11:31:28.756, 3393608149066, vstest.console.dll, TestEngine: Initializing Parallel Execution as MaxCpuCount is set to: 1
TpTrace Information: 0 : 23712, 1, 2023/06/26, 11:31:28.758, 3393608168821, vstest.console.dll, TestPluginManager.CreateTestExtension: Attempting to load test extension: Microsoft.VisualStudio.TestPlatform.CrossPlatEngine.Hosting.DefaultTestHostManager
TpTrace Information: 0 : 23712, 1, 2023/06/26, 11:31:28.762, 3393608217643, vstest.console.dll, TestPluginManager.CreateTestExtension: Attempting to load test extension: Microsoft.VisualStudio.TestPlatform.CrossPlatEngine.Hosting.DotnetTestHostManager
TpTrace Information: 0 : 23712, 1, 2023/06/26, 11:31:28.763, 3393608227041, vstest.console.dll, InferRunSettingsHelper.IsTestSettingsEnabled: Unable to navigate to RunSettings/MSTest. Current node: RunSettings
TpTrace Verbose: 0 : 23712, 1, 2023/06/26, 11:31:28.768, 3393608270611, vstest.console.dll, TestEngine.GetExecutionManager: Chosen execution manager 'Microsoft.VisualStudio.TestPlatform.CrossPlatEngine.Client.Parallel.ParallelProxyExecutionManager, Microsoft.TestPlatform.CrossPlatEngine, Version=15.0.0.0, Culture=neutral, PublicKeyToken=b03f5f7f11d50a3a' ParallelLevel '1'.
TpTrace Verbose: 0 : 23712, 1, 2023/06/26, 11:31:28.768, 3393608272814, vstest.console.dll, TestRunRequest.ExecuteAsync: Creating test run request.
TpTrace Verbose: 0 : 23712, 1, 2023/06/26, 11:31:28.768, 3393608275369, vstest.console.dll, TestRunRequest.ExecuteAsync: Starting.
TpTrace Information: 0 : 23712, 1, 2023/06/26, 11:31:28.768, 3393608277951, vstest.console.dll, TestRunRequest.ExecuteAsync: Starting run with settings:TestRunCriteria:
   KeepAlive=False,FrequencyOfRunStatsChangeEvent=10,RunStatsChangeEventTimeout=00:00:01.5000000,TestCaseFilter=,TestExecutorLauncher=
   Settingsxml=<RunSettings>
  <RunConfiguration>
    <ResultsDirectory>C:\Users\Madhav15303\source\repos\Assignment_UKHO\Assignment_UKHO.Tests\bin\Debug\net6.0\fine-code-coverage\coverage-tool-output</ResultsDirectory>
    <TargetPlatform>X64</TargetPlatform>
    <TargetFrameworkVersion>.NETCoreApp,Version=v6.0</TargetFrameworkVersion>
    <DesignMode>False</DesignMode>
    <CollectSourceInformation>False</CollectSourceInformation>
  </RunConfiguration>
  <LoggerRunSettings>
    <Loggers>
      <Logger friendlyName="blame" enabled="True" />
      <Logger friendlyName="Console" uri="logger://microsoft/TestPlatform/ConsoleLogger/v1" assemblyQualifiedName="Microsoft.VisualStudio.TestPlatform.CommandLine.Internal.ConsoleLogger, vstest.console, Version=15.0.0.0, Culture=neutral, PublicKeyToken=b03f5f7f11d50a3a" codeBase="C:\Program Files\dotnet\sdk\7.0.304\vstest.console.dll" enabled="True" />
    </Loggers>
  </LoggerRunSettings>
  <DataCollectionRunSettings>
    <DataCollectors>
      <DataCollector friendlyName="blame" enabled="True">
        <Configuration>
          <ResultsDirectory>C:\Users\Madhav15303\source\repos\Assignment_UKHO\Assignment_UKHO.Tests\bin\Debug\net6.0\fine-code-coverage\coverage-tool-output</ResultsDirectory>
        </Configuration>
      </DataCollector>
    </DataCollectors>
  </DataCollectionRunSettings>
</RunSettings>

TpTrace Verbose: 0 : 23712, 1, 2023/06/26, 11:31:28.768, 3393608278363, vstest.console.dll, TestRunRequest.ExecuteAsync: Wait for the first run request is over.
TpTrace Verbose: 0 : 23712, 1, 2023/06/26, 11:31:28.769, 3393608281140, vstest.console.dll, MulticastDelegateUtilities.SafeInvoke: TestRun.TestRunStart: Invoking callbacks was skipped because there are no subscribers.
TpTrace Verbose: 0 : 23712, 4, 2023/06/26, 11:31:28.769, 3393608284317, vstest.console.dll, MulticastDelegateUtilities.SafeInvoke: InternalTestLoggerEvents.SendTestRunStart: Invoking callback 1/1 for Microsoft.VisualStudio.TestPlatform.CommandLine.Internal.ConsoleLogger., took 0 ms.
TpTrace Verbose: 0 : 23712, 1, 2023/06/26, 11:31:28.770, 3393608294094, vstest.console.dll, ParallelProxyExecutionManager: Start execution. Total sources: 1
TpTrace Verbose: 0 : 23712, 1, 2023/06/26, 11:31:28.772, 3393608313226, vstest.console.dll, TestRequestSender is acting as server.
TpTrace Verbose: 0 : 23712, 1, 2023/06/26, 11:31:28.774, 3393608332271, vstest.console.dll, ParallelOperationManager.RunWorkInParallel: Started work on a host.
TpTrace Verbose: 0 : 23712, 1, 2023/06/26, 11:31:28.775, 3393608342925, vstest.console.dll, ProxyParallelExecutionManager: No sources available for execution.
TpTrace Information: 0 : 23712, 1, 2023/06/26, 11:31:28.775, 3393608343772, vstest.console.dll, TestRunRequest.ExecuteAsync: Started.
TpTrace Verbose: 0 : 23712, 5, 2023/06/26, 11:31:28.775, 3393608344288, vstest.console.dll, DataCollectionRequestSender.InitializeCommunication : Initialize communication. 
TpTrace Verbose: 0 : 23712, 1, 2023/06/26, 11:31:28.775, 3393608344418, vstest.console.dll, TestRunRequest.WaitForCompletion: Waiting with timeout -1.
TpTrace Information: 0 : 23712, 5, 2023/06/26, 11:31:28.786, 3393608449946, vstest.console.dll, Listening on Endpoint : 127.0.0.1:57530
TpTrace Verbose: 0 : 23712, 5, 2023/06/26, 11:31:28.796, 3393608550778, vstest.console.dll, DotnetDataCollectionLauncher: Adding  --runtimeconfig "C:\Program Files\dotnet\sdk\7.0.304\datacollector.runtimeconfig.json" in args
TpTrace Verbose: 0 : 23712, 5, 2023/06/26, 11:31:28.796, 3393608552310, vstest.console.dll, DotnetDataCollectionLauncher: Adding  --depsfile "C:\Program Files\dotnet\sdk\7.0.304\datacollector.deps.json" in args
TpTrace Verbose: 0 : 23712, 5, 2023/06/26, 11:31:28.796, 3393608553592, vstest.console.dll, DotnetDataCollectionLauncher: Full path of dotnet.exe is C:\Program Files\dotnet\dotnet.exe
TpTrace Information: 0 : 23712, 5, 2023/06/26, 11:31:28.822, 3393608817468, vstest.console.dll, ProxyDataCollectionManager.Initialize: Launched datacollector processId: 24244 port: 57530
TpTrace Information: 0 : 23712, 5, 2023/06/26, 11:31:28.823, 3393608819063, vstest.console.dll, ProxyDataCollectionManager.Initialize: waiting for connection with timeout: 90 seconds
TpTrace Verbose: 0 : 23712, 5, 2023/06/26, 11:31:28.823, 3393608819653, vstest.console.dll, DataCollectionRequestSender.WaitForRequestHandlerConnection : Waiting for connection with timeout: 90000
TpTrace Information: 0 : 23712, 7, 2023/06/26, 11:31:29.203, 3393612623046, vstest.console.dll, Using the buffer size of 16384 bytes
TpTrace Verbose: 0 : 23712, 5, 2023/06/26, 11:31:29.203, 3393612623536, vstest.console.dll, SocketCommunicationManager.WaitForClientConnection took: 380 ms, with 90000 ms timeout, and finished with True.
TpTrace Information: 0 : 23712, 7, 2023/06/26, 11:31:29.203, 3393612624430, vstest.console.dll, Accepted Client request and set the flag
TpTrace Verbose: 0 : 23712, 5, 2023/06/26, 11:31:29.203, 3393612625466, vstest.console.dll, ProxyDataCollectionManager.InvokeDataCollectionServiceAction: Starting.
TpTrace Information: 0 : 23712, 5, 2023/06/26, 11:31:29.203, 3393612626042, vstest.console.dll, ProxyDataCollectionManager.BeforeTestRunStart: Get environment variable and port for datacollector processId: 24244 port: 57530
TpTrace Verbose: 0 : 23712, 5, 2023/06/26, 11:31:29.203, 3393612626965, vstest.console.dll, DataCollectionRequestSender.SendBeforeTestRunStartAndGetResult: Send BeforeTestRunStart message with settingsXml <RunSettings><RunConfiguration><ResultsDirectory>C:\Users\Madhav15303\source\repos\Assignment_UKHO\Assignment_UKHO.Tests\bin\Debug\net6.0\fine-code-coverage\coverage-tool-output</ResultsDirectory><TargetPlatform>X64</TargetPlatform><TargetFrameworkVersion>.NETCoreApp,Version=v6.0</TargetFrameworkVersion><DesignMode>False</DesignMode><CollectSourceInformation>False</CollectSourceInformation><TestAdaptersPaths>C:\Program Files\dotnet\sdk\7.0.304\Extensions</TestAdaptersPaths></RunConfiguration><LoggerRunSettings><Loggers><Logger friendlyName="blame" enabled="True" /><Logger friendlyName="Console" uri="logger://microsoft/TestPlatform/ConsoleLogger/v1" assemblyQualifiedName="Microsoft.VisualStudio.TestPlatform.CommandLine.Internal.ConsoleLogger, vstest.console, Version=15.0.0.0, Culture=neutral, PublicKeyToken=b03f5f7f11d50a3a" codeBase="C:\Program Files\dotnet\sdk\7.0.304\vstest.console.dll" enabled="True" /></Loggers></LoggerRunSettings><DataCollectionRunSettings><DataCollectors><DataCollector friendlyName="blame" enabled="True"><Configuration><ResultsDirectory>C:\Users\Madhav15303\source\repos\Assignment_UKHO\Assignment_UKHO.Tests\bin\Debug\net6.0\fine-code-coverage\coverage-tool-output</ResultsDirectory></Configuration></DataCollector></DataCollectors></DataCollectionRunSettings></RunSettings> and sources System.Collections.Generic.List`1[System.String]: 
TpTrace Verbose: 0 : 23712, 5, 2023/06/26, 11:31:29.406, 3393614654624, vstest.console.dll, DataCollectionRequestSender.SendBeforeTestRunStartAndGetResult: Received message: (DataCollection.SendMessage) -> {"MessageType":"DataCollection.SendMessage","Payload":{"FriendlyName":null,"Uri":null,"TestCaseId":"00000000-0000-0000-0000-000000000000","Message":"Logging DataCollector Diagnostics in file: C:\\Users\\Madhav15303\\source\\repos\\Assignment_UKHO\\Assignment_UKHO.Tests\\bin\\Debug\\net6.0\\fine-code-coverage\\coverage-tool-output\\diagnostics.datacollector.23-06-26_11-31-28_79599_5.log","Level":0}}
TpTrace Verbose: 0 : 23712, 5, 2023/06/26, 11:31:29.533, 3393615926218, vstest.console.dll, DataCollectionRequestSender.SendBeforeTestRunStartAndGetResult: Received message: (DataCollection.BeforeTestRunStartResult) -> {"MessageType":"DataCollection.BeforeTestRunStartResult","Payload":{"EnvironmentVariables":{},"DataCollectionEventsPort":57532}}
TpTrace Information: 0 : 23712, 5, 2023/06/26, 11:31:29.537, 3393615964572, vstest.console.dll, ProxyDataCollectionManager.BeforeTestRunStart: SendBeforeTestRunStartAndGetResult successful, env variable from datacollector:   and testhost port: 57532
TpTrace Information: 0 : 23712, 5, 2023/06/26, 11:31:29.537, 3393615965682, vstest.console.dll, ProxyDataCollectionManager.InvokeDataCollectionServiceAction: Completed.
TpTrace Verbose: 0 : 23712, 5, 2023/06/26, 11:31:29.537, 3393615966380, vstest.console.dll, ProxyExecutionManager: Test host is always Lazy initialize.
TpTrace Verbose: 0 : 23712, 5, 2023/06/26, 11:31:29.538, 3393615968512, vstest.console.dll, TestRequestSender.InitializeCommunication: initialize communication. 
TpTrace Information: 0 : 23712, 5, 2023/06/26, 11:31:29.538, 3393615973826, vstest.console.dll, SocketServer.Start: Listening on endpoint : 127.0.0.1:57533
TpTrace Verbose: 0 : 23712, 5, 2023/06/26, 11:31:29.539, 3393615981137, vstest.console.dll, DotnetTestHostmanager.GetTestHostProcessStartInfo: Platform environment 'X64' target architecture 'X64' framework '.NETCoreApp,Version=v6.0' OS 'Windows'
TpTrace Verbose: 0 : 23712, 5, 2023/06/26, 11:31:29.539, 3393615983589, vstest.console.dll, DotnetTestHostmanager: Adding  --runtimeconfig "C:\Users\Madhav15303\source\repos\Assignment_UKHO\Assignment_UKHO.Tests\bin\Debug\net6.0\fine-code-coverage\build-output\Assignment_UKHO.Tests.runtimeconfig.json" in args
TpTrace Verbose: 0 : 23712, 5, 2023/06/26, 11:31:29.539, 3393615984935, vstest.console.dll, DotnetTestHostmanager: Adding  --depsfile "C:\Users\Madhav15303\source\repos\Assignment_UKHO\Assignment_UKHO.Tests\bin\Debug\net6.0\fine-code-coverage\build-output\Assignment_UKHO.Tests.deps.json" in args
TpTrace Verbose: 0 : 23712, 5, 2023/06/26, 11:31:29.539, 3393615986833, vstest.console.dll, DotnetTestHostmanager.IsWinOnArm: Current PROCESSOR_ARCHITECTURE from environment variable 'AMD64'
TpTrace Verbose: 0 : 23712, 5, 2023/06/26, 11:31:29.539, 3393615987299, vstest.console.dll, DotnetTestHostmanager.IsWinOnArm: Is Windows on ARM 'False'
TpTrace Verbose: 0 : 23712, 5, 2023/06/26, 11:31:29.539, 3393615988205, vstest.console.dll, DotnetTestHostManager: testhost.exe found at path: C:\Users\Madhav15303\source\repos\Assignment_UKHO\Assignment_UKHO.Tests\bin\Debug\net6.0\fine-code-coverage\build-output\testhost.exe
TpTrace Verbose: 0 : 23712, 5, 2023/06/26, 11:31:29.540, 3393615988521, vstest.console.dll, DotnetTestHostmanager: Full path of host exe is C:\Users\Madhav15303\source\repos\Assignment_UKHO\Assignment_UKHO.Tests\bin\Debug\net6.0\fine-code-coverage\build-output\testhost.exe
TpTrace Verbose: 0 : 23712, 5, 2023/06/26, 11:31:29.540, 3393615989468, vstest.console.dll, DotnetTestHostmanager.LaunchTestHostAsync: Found 'VSTEST_WINAPPHOST_DOTNET_ROOT' in env variables, value 'C:\Program Files\dotnet', forwarding to 'DOTNET_ROOT'
TpTrace Verbose: 0 : 23712, 5, 2023/06/26, 11:31:29.540, 3393615990735, vstest.console.dll, DotnetTestHostManager: Starting process 'C:\Users\Madhav15303\source\repos\Assignment_UKHO\Assignment_UKHO.Tests\bin\Debug\net6.0\fine-code-coverage\build-output\testhost.exe' with command line ' --runtimeconfig "C:\Users\Madhav15303\source\repos\Assignment_UKHO\Assignment_UKHO.Tests\bin\Debug\net6.0\fine-code-coverage\build-output\Assignment_UKHO.Tests.runtimeconfig.json" --depsfile "C:\Users\Madhav15303\source\repos\Assignment_UKHO\Assignment_UKHO.Tests\bin\Debug\net6.0\fine-code-coverage\build-output\Assignment_UKHO.Tests.deps.json" --port 57533 --endpoint 127.0.0.1:057533 --role client --parentprocessid 23712 --diag "C:\Users\Madhav15303\source\repos\Assignment_UKHO\Assignment_UKHO.Tests\bin\Debug\net6.0\fine-code-coverage\coverage-tool-output\diagnostics.host.23-06-26_11-31-29_53891_5.log" --tracelevel 4 --datacollectionport 57532 --telemetryoptedin false'
TpTrace Verbose: 0 : 23712, 5, 2023/06/26, 11:31:29.584, 3393616429255, vstest.console.dll, MulticastDelegateUtilities.SafeInvoke: HostProviderEvents.OnHostLaunched: Invoking callback 1/2 for Microsoft.VisualStudio.TestPlatform.CrossPlatEngine.Client.ProxyExecutionManagerWithDataCollection., took 1 ms.
TpTrace Verbose: 0 : 23712, 5, 2023/06/26, 11:31:29.584, 3393616431951, vstest.console.dll, Test Runtime launched
TpTrace Verbose: 0 : 23712, 5, 2023/06/26, 11:31:29.584, 3393616432569, vstest.console.dll, MulticastDelegateUtilities.SafeInvoke: HostProviderEvents.OnHostLaunched: Invoking callback 2/2 for Microsoft.VisualStudio.TestPlatform.CrossPlatEngine.Client.ProxyOperationManager., took 0 ms.
TpTrace Verbose: 0 : 23712, 5, 2023/06/26, 11:31:29.584, 3393616433788, vstest.console.dll, TestRequestSender.WaitForRequestHandlerConnection: waiting for connection with timeout: 90000.
TpTrace Verbose: 0 : 23712, 7, 2023/06/26, 11:31:30.038, 3393620974632, vstest.console.dll, MulticastDelegateUtilities.SafeInvoke: SocketServer: ClientConnected: Invoking callback 1/1 for Microsoft.VisualStudio.TestPlatform.CommunicationUtilities.TestRequestSender., took 0 ms.
TpTrace Verbose: 0 : 23712, 5, 2023/06/26, 11:31:30.038, 3393620974631, vstest.console.dll, TestRequestSender.WaitForRequestHandlerConnection: waiting took 454 ms, with timeout 90000 ms, and result 0, which is success.
TpTrace Verbose: 0 : 23712, 7, 2023/06/26, 11:31:30.038, 3393620976155, vstest.console.dll, SocketServer.OnClientConnected: Client connected for endPoint: 127.0.0.1:57533, starting MessageLoopAsync:
TpTrace Verbose: 0 : 23712, 7, 2023/06/26, 11:31:30.039, 3393620979929, vstest.console.dll, TcpClientExtensions.MessageLoopAsync: Polling on remoteEndPoint: 127.0.0.1:57534 localEndPoint: 127.0.0.1:57533
TpTrace Verbose: 0 : 23712, 5, 2023/06/26, 11:31:30.040, 3393620989869, vstest.console.dll, TestRequestSender.CheckVersionWithTestHost: Sending check version message: {"MessageType":"ProtocolVersion","Payload":7}
TpTrace Verbose: 0 : 23712, 7, 2023/06/26, 11:31:30.237, 3393622966600, vstest.console.dll, TcpClientExtensions.MessageLoopAsync: NotifyDataAvailable remoteEndPoint: 127.0.0.1:57534 localEndPoint: 127.0.0.1:57533
TpTrace Verbose: 0 : 23712, 7, 2023/06/26, 11:31:30.238, 3393622969568, vstest.console.dll, TestRequestSender.CheckVersionWithTestHost: onMessageReceived received message: (ProtocolVersion) -> {"MessageType":"ProtocolVersion","Payload":7}
TpTrace Verbose: 0 : 23712, 7, 2023/06/26, 11:31:30.238, 3393622976509, vstest.console.dll, MulticastDelegateUtilities.SafeInvoke: LengthPrefixCommunicationChannel: MessageReceived: Invoking callback 1/1 for Microsoft.VisualStudio.TestPlatform.CommunicationUtilities.TestRequestSender+<>c__DisplayClass29_0., took 0 ms.
TpTrace Verbose: 0 : 23712, 7, 2023/06/26, 11:31:30.238, 3393622977345, vstest.console.dll, TcpClientExtensions.MessageLoopAsync: Polling on remoteEndPoint: 127.0.0.1:57534 localEndPoint: 127.0.0.1:57533
TpTrace Verbose: 0 : 23712, 5, 2023/06/26, 11:31:30.238, 3393622977617, vstest.console.dll, TestPluginCache.GetExtensionPaths: Filtered extension paths: 
TpTrace Verbose: 0 : 23712, 5, 2023/06/26, 11:31:30.238, 3393622978198, vstest.console.dll, TestPluginCache.GetExtensionPaths: Added default extension paths: C:\Program Files\dotnet\sdk\7.0.304\Extensions\Microsoft.Diagnostics.NETCore.Client.dll
C:\Program Files\dotnet\sdk\7.0.304\Extensions\Microsoft.TestPlatform.Extensions.BlameDataCollector.dll
C:\Program Files\dotnet\sdk\7.0.304\Extensions\Microsoft.TestPlatform.Extensions.EventLogCollector.dll
C:\Program Files\dotnet\sdk\7.0.304\Extensions\Microsoft.TestPlatform.TestHostRuntimeProvider.dll
C:\Program Files\dotnet\sdk\7.0.304\Extensions\Microsoft.VisualStudio.TestPlatform.Extensions.Html.TestLogger.dll
C:\Program Files\dotnet\sdk\7.0.304\Extensions\Microsoft.VisualStudio.TestPlatform.Extensions.Trx.TestLogger.dll
TpTrace Verbose: 0 : 23712, 5, 2023/06/26, 11:31:30.239, 3393622978442, vstest.console.dll, TestPluginCache.GetExtensionPaths: Added unfilterableExtensionPaths: 
TpTrace Verbose: 0 : 23712, 7, 2023/06/26, 11:31:30.242, 3393623017623, vstest.console.dll, TcpClientExtensions.MessageLoopAsync: NotifyDataAvailable remoteEndPoint: 127.0.0.1:57534 localEndPoint: 127.0.0.1:57533
TpTrace Verbose: 0 : 23712, 7, 2023/06/26, 11:31:30.243, 3393623019240, vstest.console.dll, LengthPrefixCommunicationChannel.NotifyDataAvailable: New data are waiting to be received, but there is no subscriber to be notified. Not reading them from the stream.
TpTrace Verbose: 0 : 23712, 7, 2023/06/26, 11:31:30.243, 3393623019576, vstest.console.dll, TcpClientExtensions.MessageLoopAsync: Polling on remoteEndPoint: 127.0.0.1:57534 localEndPoint: 127.0.0.1:57533
TpTrace Verbose: 0 : 23712, 7, 2023/06/26, 11:31:30.243, 3393623019948, vstest.console.dll, TcpClientExtensions.MessageLoopAsync: NotifyDataAvailable remoteEndPoint: 127.0.0.1:57534 localEndPoint: 127.0.0.1:57533
TpTrace Verbose: 0 : 23712, 7, 2023/06/26, 11:31:30.243, 3393623020135, vstest.console.dll, LengthPrefixCommunicationChannel.NotifyDataAvailable: New data are waiting to be received, but there is no subscriber to be notified. Not reading them from the stream.
TpTrace Verbose: 0 : 23712, 7, 2023/06/26, 11:31:30.243, 3393623020331, vstest.console.dll, TcpClientExtensions.MessageLoopAsync: Polling on remoteEndPoint: 127.0.0.1:57534 localEndPoint: 127.0.0.1:57533
TpTrace Verbose: 0 : 23712, 7, 2023/06/26, 11:31:30.243, 3393623020538, vstest.console.dll, TcpClientExtensions.MessageLoopAsync: NotifyDataAvailable remoteEndPoint: 127.0.0.1:57534 localEndPoint: 127.0.0.1:57533
TpTrace Verbose: 0 : 23712, 7, 2023/06/26, 11:31:30.243, 3393623020691, vstest.console.dll, LengthPrefixCommunicationChannel.NotifyDataAvailable: New data are waiting to be received, but there is no subscriber to be notified. Not reading them from the stream.
TpTrace Verbose: 0 : 23712, 7, 2023/06/26, 11:31:30.243, 3393623020840, vstest.console.dll, TcpClientExtensions.MessageLoopAsync: Polling on remoteEndPoint: 127.0.0.1:57534 localEndPoint: 127.0.0.1:57533
TpTrace Verbose: 0 : 23712, 7, 2023/06/26, 11:31:30.243, 3393623021047, vstest.console.dll, TcpClientExtensions.MessageLoopAsync: NotifyDataAvailable remoteEndPoint: 127.0.0.1:57534 localEndPoint: 127.0.0.1:57533
TpTrace Verbose: 0 : 23712, 7, 2023/06/26, 11:31:30.243, 3393623021234, vstest.console.dll, LengthPrefixCommunicationChannel.NotifyDataAvailable: New data are waiting to be received, but there is no subscriber to be notified. Not reading them from the stream.
TpTrace Verbose: 0 : 23712, 7, 2023/06/26, 11:31:30.243, 3393623022020, vstest.console.dll, TcpClientExtensions.MessageLoopAsync: Polling on remoteEndPoint: 127.0.0.1:57534 localEndPoint: 127.0.0.1:57533
TpTrace Verbose: 0 : 23712, 5, 2023/06/26, 11:31:30.243, 3393623021754, vstest.console.dll, TestRequestSender.InitializeExecution: Sending initialize execution with message: {"Version":7,"MessageType":"TestExecution.Initialize","Payload":["C:\\Users\\Madhav15303\\source\\repos\\Assignment_UKHO\\Assignment_UKHO.Tests\\bin\\Debug\\net6.0\\fine-code-coverage\\build-output\\NUnit3.TestAdapter.dll"]}
TpTrace Verbose: 0 : 23712, 7, 2023/06/26, 11:31:30.243, 3393623022360, vstest.console.dll, TcpClientExtensions.MessageLoopAsync: NotifyDataAvailable remoteEndPoint: 127.0.0.1:57534 localEndPoint: 127.0.0.1:57533
TpTrace Verbose: 0 : 23712, 7, 2023/06/26, 11:31:30.243, 3393623023395, vstest.console.dll, LengthPrefixCommunicationChannel.NotifyDataAvailable: New data are waiting to be received, but there is no subscriber to be notified. Not reading them from the stream.
TpTrace Verbose: 0 : 23712, 7, 2023/06/26, 11:31:30.243, 3393623023627, vstest.console.dll, TcpClientExtensions.MessageLoopAsync: Polling on remoteEndPoint: 127.0.0.1:57534 localEndPoint: 127.0.0.1:57533
TpTrace Verbose: 0 : 23712, 7, 2023/06/26, 11:31:30.243, 3393623023991, vstest.console.dll, TcpClientExtensions.MessageLoopAsync: NotifyDataAvailable remoteEndPoint: 127.0.0.1:57534 localEndPoint: 127.0.0.1:57533
TpTrace Verbose: 0 : 23712, 7, 2023/06/26, 11:31:30.243, 3393623024251, vstest.console.dll, LengthPrefixCommunicationChannel.NotifyDataAvailable: New data are waiting to be received, but there is no subscriber to be notified. Not reading them from the stream.
TpTrace Verbose: 0 : 23712, 7, 2023/06/26, 11:31:30.243, 3393623024444, vstest.console.dll, TcpClientExtensions.MessageLoopAsync: Polling on remoteEndPoint: 127.0.0.1:57534 localEndPoint: 127.0.0.1:57533
TpTrace Verbose: 0 : 23712, 7, 2023/06/26, 11:31:30.243, 3393623024688, vstest.console.dll, TcpClientExtensions.MessageLoopAsync: NotifyDataAvailable remoteEndPoint: 127.0.0.1:57534 localEndPoint: 127.0.0.1:57533
TpTrace Verbose: 0 : 23712, 5, 2023/06/26, 11:31:30.243, 3393623024239, vstest.console.dll, ParallelProxyExecutionManager: Execution started. Started clients: 1
TpTrace Verbose: 0 : 23712, 7, 2023/06/26, 11:31:30.243, 3393623024853, vstest.console.dll, LengthPrefixCommunicationChannel.NotifyDataAvailable: New data are waiting to be received, but there is no subscriber to be notified. Not reading them from the stream.
TpTrace Verbose: 0 : 23712, 7, 2023/06/26, 11:31:30.243, 3393623025477, vstest.console.dll, TcpClientExtensions.MessageLoopAsync: Polling on remoteEndPoint: 127.0.0.1:57534 localEndPoint: 127.0.0.1:57533
TpTrace Verbose: 0 : 23712, 7, 2023/06/26, 11:31:30.243, 3393623025752, vstest.console.dll, TcpClientExtensions.MessageLoopAsync: NotifyDataAvailable remoteEndPoint: 127.0.0.1:57534 localEndPoint: 127.0.0.1:57533
TpTrace Verbose: 0 : 23712, 7, 2023/06/26, 11:31:30.243, 3393623025912, vstest.console.dll, LengthPrefixCommunicationChannel.NotifyDataAvailable: New data are waiting to be received, but there is no subscriber to be notified. Not reading them from the stream.
TpTrace Verbose: 0 : 23712, 7, 2023/06/26, 11:31:30.243, 3393623026059, vstest.console.dll, TcpClientExtensions.MessageLoopAsync: Polling on remoteEndPoint: 127.0.0.1:57534 localEndPoint: 127.0.0.1:57533
TpTrace Verbose: 0 : 23712, 7, 2023/06/26, 11:31:30.243, 3393623026277, vstest.console.dll, TcpClientExtensions.MessageLoopAsync: NotifyDataAvailable remoteEndPoint: 127.0.0.1:57534 localEndPoint: 127.0.0.1:57533
TpTrace Verbose: 0 : 23712, 7, 2023/06/26, 11:31:30.243, 3393623026433, vstest.console.dll, LengthPrefixCommunicationChannel.NotifyDataAvailable: New data are waiting to be received, but there is no subscriber to be notified. Not reading them from the stream.
TpTrace Verbose: 0 : 23712, 7, 2023/06/26, 11:31:30.243, 3393623026585, vstest.console.dll, TcpClientExtensions.MessageLoopAsync: Polling on remoteEndPoint: 127.0.0.1:57534 localEndPoint: 127.0.0.1:57533
TpTrace Verbose: 0 : 23712, 7, 2023/06/26, 11:31:30.243, 3393623026863, vstest.console.dll, TcpClientExtensions.MessageLoopAsync: NotifyDataAvailable remoteEndPoint: 127.0.0.1:57534 localEndPoint: 127.0.0.1:57533
TpTrace Verbose: 0 : 23712, 7, 2023/06/26, 11:31:30.243, 3393623027040, vstest.console.dll, LengthPrefixCommunicationChannel.NotifyDataAvailable: New data are waiting to be received, but there is no subscriber to be notified. Not reading them from the stream.
TpTrace Verbose: 0 : 23712, 7, 2023/06/26, 11:31:30.243, 3393623027191, vstest.console.dll, TcpClientExtensions.MessageLoopAsync: Polling on remoteEndPoint: 127.0.0.1:57534 localEndPoint: 127.0.0.1:57533
TpTrace Verbose: 0 : 23712, 5, 2023/06/26, 11:31:30.243, 3393623027327, vstest.console.dll, TestRunRequest:SendTestRunMessage: Starting.
TpTrace Verbose: 0 : 23712, 7, 2023/06/26, 11:31:30.243, 3393623027394, vstest.console.dll, TcpClientExtensions.MessageLoopAsync: NotifyDataAvailable remoteEndPoint: 127.0.0.1:57534 localEndPoint: 127.0.0.1:57533
TpTrace Verbose: 0 : 23712, 7, 2023/06/26, 11:31:30.243, 3393623027913, vstest.console.dll, LengthPrefixCommunicationChannel.NotifyDataAvailable: New data are waiting to be received, but there is no subscriber to be notified. Not reading them from the stream.
TpTrace Verbose: 0 : 23712, 7, 2023/06/26, 11:31:30.243, 3393623028107, vstest.console.dll, TcpClientExtensions.MessageLoopAsync: Polling on remoteEndPoint: 127.0.0.1:57534 localEndPoint: 127.0.0.1:57533
TpTrace Verbose: 0 : 23712, 7, 2023/06/26, 11:31:30.244, 3393623028385, vstest.console.dll, TcpClientExtensions.MessageLoopAsync: NotifyDataAvailable remoteEndPoint: 127.0.0.1:57534 localEndPoint: 127.0.0.1:57533
TpTrace Verbose: 0 : 23712, 5, 2023/06/26, 11:31:30.244, 3393623028499, vstest.console.dll, MulticastDelegateUtilities.SafeInvoke: TestRun.LogMessages: Invoking callback 1/1 for Microsoft.VisualStudio.TestPlatform.CommandLine.TestRunResultAggregator., took 0 ms.
TpTrace Verbose: 0 : 23712, 7, 2023/06/26, 11:31:30.244, 3393623028604, vstest.console.dll, LengthPrefixCommunicationChannel.NotifyDataAvailable: New data are waiting to be received, but there is no subscriber to be notified. Not reading them from the stream.
TpTrace Verbose: 0 : 23712, 7, 2023/06/26, 11:31:30.244, 3393623029204, vstest.console.dll, TcpClientExtensions.MessageLoopAsync: Polling on remoteEndPoint: 127.0.0.1:57534 localEndPoint: 127.0.0.1:57533
TpTrace Verbose: 0 : 23712, 7, 2023/06/26, 11:31:30.244, 3393623029601, vstest.console.dll, TcpClientExtensions.MessageLoopAsync: NotifyDataAvailable remoteEndPoint: 127.0.0.1:57534 localEndPoint: 127.0.0.1:57533
TpTrace Verbose: 0 : 23712, 7, 2023/06/26, 11:31:30.244, 3393623029916, vstest.console.dll, LengthPrefixCommunicationChannel.NotifyDataAvailable: New data are waiting to be received, but there is no subscriber to be notified. Not reading them from the stream.
TpTrace Verbose: 0 : 23712, 7, 2023/06/26, 11:31:30.244, 3393623030269, vstest.console.dll, TcpClientExtensions.MessageLoopAsync: Polling on remoteEndPoint: 127.0.0.1:57534 localEndPoint: 127.0.0.1:57533
TpTrace Information: 0 : 23712, 5, 2023/06/26, 11:31:30.244, 3393623028841, vstest.console.dll, TestRunRequest:SendTestRunMessage: Completed.
TpTrace Verbose: 0 : 23712, 4, 2023/06/26, 11:31:30.244, 3393623030733, vstest.console.dll, MulticastDelegateUtilities.SafeInvoke: InternalTestLoggerEvents.SendTestRunMessage: Invoking callback 1/1 for Microsoft.VisualStudio.TestPlatform.CommandLine.Internal.ConsoleLogger., took 0 ms.
TpTrace Verbose: 0 : 23712, 7, 2023/06/26, 11:31:30.244, 3393623030676, vstest.console.dll, TcpClientExtensions.MessageLoopAsync: NotifyDataAvailable remoteEndPoint: 127.0.0.1:57534 localEndPoint: 127.0.0.1:57533
TpTrace Verbose: 0 : 23712, 7, 2023/06/26, 11:31:30.244, 3393623032065, vstest.console.dll, LengthPrefixCommunicationChannel.NotifyDataAvailable: New data are waiting to be received, but there is no subscriber to be notified. Not reading them from the stream.
TpTrace Verbose: 0 : 23712, 7, 2023/06/26, 11:31:30.244, 3393623032351, vstest.console.dll, TcpClientExtensions.MessageLoopAsync: Polling on remoteEndPoint: 127.0.0.1:57534 localEndPoint: 127.0.0.1:57533
TpTrace Verbose: 0 : 23712, 7, 2023/06/26, 11:31:30.244, 3393623032702, vstest.console.dll, TcpClientExtensions.MessageLoopAsync: NotifyDataAvailable remoteEndPoint: 127.0.0.1:57534 localEndPoint: 127.0.0.1:57533
TpTrace Verbose: 0 : 23712, 7, 2023/06/26, 11:31:30.244, 3393623032931, vstest.console.dll, LengthPrefixCommunicationChannel.NotifyDataAvailable: New data are waiting to be received, but there is no subscriber to be notified. Not reading them from the stream.
TpTrace Verbose: 0 : 23712, 7, 2023/06/26, 11:31:30.244, 3393623033081, vstest.console.dll, TcpClientExtensions.MessageLoopAsync: Polling on remoteEndPoint: 127.0.0.1:57534 localEndPoint: 127.0.0.1:57533
TpTrace Verbose: 0 : 23712, 7, 2023/06/26, 11:31:30.244, 3393623033298, vstest.console.dll, TcpClientExtensions.MessageLoopAsync: NotifyDataAvailable remoteEndPoint: 127.0.0.1:57534 localEndPoint: 127.0.0.1:57533
TpTrace Verbose: 0 : 23712, 7, 2023/06/26, 11:31:30.244, 3393623033464, vstest.console.dll, LengthPrefixCommunicationChannel.NotifyDataAvailable: New data are waiting to be received, but there is no subscriber to be notified. Not reading them from the stream.
TpTrace Verbose: 0 : 23712, 7, 2023/06/26, 11:31:30.244, 3393623033635, vstest.console.dll, TcpClientExtensions.MessageLoopAsync: Polling on remoteEndPoint: 127.0.0.1:57534 localEndPoint: 127.0.0.1:57533
TpTrace Verbose: 0 : 23712, 7, 2023/06/26, 11:31:30.244, 3393623034004, vstest.console.dll, TcpClientExtensions.MessageLoopAsync: NotifyDataAvailable remoteEndPoint: 127.0.0.1:57534 localEndPoint: 127.0.0.1:57533
TpTrace Verbose: 0 : 23712, 7, 2023/06/26, 11:31:30.244, 3393623034171, vstest.console.dll, LengthPrefixCommunicationChannel.NotifyDataAvailable: New data are waiting to be received, but there is no subscriber to be notified. Not reading them from the stream.
TpTrace Verbose: 0 : 23712, 7, 2023/06/26, 11:31:30.244, 3393623034325, vstest.console.dll, TcpClientExtensions.MessageLoopAsync: Polling on remoteEndPoint: 127.0.0.1:57534 localEndPoint: 127.0.0.1:57533
TpTrace Verbose: 0 : 23712, 7, 2023/06/26, 11:31:30.244, 3393623034532, vstest.console.dll, TcpClientExtensions.MessageLoopAsync: NotifyDataAvailable remoteEndPoint: 127.0.0.1:57534 localEndPoint: 127.0.0.1:57533
TpTrace Verbose: 0 : 23712, 7, 2023/06/26, 11:31:30.244, 3393623034688, vstest.console.dll, LengthPrefixCommunicationChannel.NotifyDataAvailable: New data are waiting to be received, but there is no subscriber to be notified. Not reading them from the stream.
TpTrace Verbose: 0 : 23712, 7, 2023/06/26, 11:31:30.244, 3393623034834, vstest.console.dll, TcpClientExtensions.MessageLoopAsync: Polling on remoteEndPoint: 127.0.0.1:57534 localEndPoint: 127.0.0.1:57533
TpTrace Verbose: 0 : 23712, 7, 2023/06/26, 11:31:30.244, 3393623035072, vstest.console.dll, TcpClientExtensions.MessageLoopAsync: NotifyDataAvailable remoteEndPoint: 127.0.0.1:57534 localEndPoint: 127.0.0.1:57533
TpTrace Verbose: 0 : 23712, 7, 2023/06/26, 11:31:30.244, 3393623035229, vstest.console.dll, LengthPrefixCommunicationChannel.NotifyDataAvailable: New data are waiting to be received, but there is no subscriber to be notified. Not reading them from the stream.
TpTrace Verbose: 0 : 23712, 7, 2023/06/26, 11:31:30.244, 3393623035375, vstest.console.dll, TcpClientExtensions.MessageLoopAsync: Polling on remoteEndPoint: 127.0.0.1:57534 localEndPoint: 127.0.0.1:57533
TpTrace Verbose: 0 : 23712, 7, 2023/06/26, 11:31:30.244, 3393623035602, vstest.console.dll, TcpClientExtensions.MessageLoopAsync: NotifyDataAvailable remoteEndPoint: 127.0.0.1:57534 localEndPoint: 127.0.0.1:57533
TpTrace Verbose: 0 : 23712, 7, 2023/06/26, 11:31:30.244, 3393623035757, vstest.console.dll, LengthPrefixCommunicationChannel.NotifyDataAvailable: New data are waiting to be received, but there is no subscriber to be notified. Not reading them from the stream.
TpTrace Warning: 0 : 23712, 5, 2023/06/26, 11:31:30.244, 3393623035903, vstest.console.dll, InferRunSettingsHelper.MakeRunsettingsCompatible: Removing the following settings: TargetPlatform from RunSettings file. To use those settings please move to latest version of Microsoft.NET.Test.Sdk
TpTrace Verbose: 0 : 23712, 7, 2023/06/26, 11:31:30.244, 3393623035968, vstest.console.dll, TcpClientExtensions.MessageLoopAsync: Polling on remoteEndPoint: 127.0.0.1:57534 localEndPoint: 127.0.0.1:57533
TpTrace Verbose: 0 : 23712, 7, 2023/06/26, 11:31:30.244, 3393623037302, vstest.console.dll, TcpClientExtensions.MessageLoopAsync: NotifyDataAvailable remoteEndPoint: 127.0.0.1:57534 localEndPoint: 127.0.0.1:57533
TpTrace Verbose: 0 : 23712, 7, 2023/06/26, 11:31:30.244, 3393623037539, vstest.console.dll, LengthPrefixCommunicationChannel.NotifyDataAvailable: New data are waiting to be received, but there is no subscriber to be notified. Not reading them from the stream.
TpTrace Verbose: 0 : 23712, 7, 2023/06/26, 11:31:30.244, 3393623037702, vstest.console.dll, TcpClientExtensions.MessageLoopAsync: Polling on remoteEndPoint: 127.0.0.1:57534 localEndPoint: 127.0.0.1:57533
TpTrace Verbose: 0 : 23712, 7, 2023/06/26, 11:31:30.244, 3393623037911, vstest.console.dll, TcpClientExtensions.MessageLoopAsync: NotifyDataAvailable remoteEndPoint: 127.0.0.1:57534 localEndPoint: 127.0.0.1:57533
TpTrace Verbose: 0 : 23712, 7, 2023/06/26, 11:31:30.244, 3393623038065, vstest.console.dll, LengthPrefixCommunicationChannel.NotifyDataAvailable: New data are waiting to be received, but there is no subscriber to be notified. Not reading them from the stream.
TpTrace Verbose: 0 : 23712, 7, 2023/06/26, 11:31:30.244, 3393623038275, vstest.console.dll, TcpClientExtensions.MessageLoopAsync: Polling on remoteEndPoint: 127.0.0.1:57534 localEndPoint: 127.0.0.1:57533
TpTrace Verbose: 0 : 23712, 7, 2023/06/26, 11:31:30.245, 3393623038519, vstest.console.dll, TcpClientExtensions.MessageLoopAsync: NotifyDataAvailable remoteEndPoint: 127.0.0.1:57534 localEndPoint: 127.0.0.1:57533
TpTrace Verbose: 0 : 23712, 7, 2023/06/26, 11:31:30.245, 3393623038668, vstest.console.dll, LengthPrefixCommunicationChannel.NotifyDataAvailable: New data are waiting to be received, but there is no subscriber to be notified. Not reading them from the stream.
TpTrace Verbose: 0 : 23712, 7, 2023/06/26, 11:31:30.245, 3393623038814, vstest.console.dll, TcpClientExtensions.MessageLoopAsync: Polling on remoteEndPoint: 127.0.0.1:57534 localEndPoint: 127.0.0.1:57533
TpTrace Verbose: 0 : 23712, 7, 2023/06/26, 11:31:30.245, 3393623039014, vstest.console.dll, TcpClientExtensions.MessageLoopAsync: NotifyDataAvailable remoteEndPoint: 127.0.0.1:57534 localEndPoint: 127.0.0.1:57533
TpTrace Verbose: 0 : 23712, 7, 2023/06/26, 11:31:30.245, 3393623039202, vstest.console.dll, LengthPrefixCommunicationChannel.NotifyDataAvailable: New data are waiting to be received, but there is no subscriber to be notified. Not reading them from the stream.
TpTrace Verbose: 0 : 23712, 7, 2023/06/26, 11:31:30.245, 3393623039349, vstest.console.dll, TcpClientExtensions.MessageLoopAsync: Polling on remoteEndPoint: 127.0.0.1:57534 localEndPoint: 127.0.0.1:57533
TpTrace Verbose: 0 : 23712, 7, 2023/06/26, 11:31:30.245, 3393623039587, vstest.console.dll, TcpClientExtensions.MessageLoopAsync: NotifyDataAvailable remoteEndPoint: 127.0.0.1:57534 localEndPoint: 127.0.0.1:57533
TpTrace Verbose: 0 : 23712, 7, 2023/06/26, 11:31:30.245, 3393623041894, vstest.console.dll, TestRequestSender.OnExecutionMessageReceived: Received message: {"Version":7,"MessageType":"TestSession.Message","Payload":{"MessageLevel":0,"Message":"Logging TestHost Diagnostics in file: C:\\Users\\Madhav15303\\source\\repos\\Assignment_UKHO\\Assignment_UKHO.Tests\\bin\\Debug\\net6.0\\fine-code-coverage\\coverage-tool-output\\diagnostics.host.23-06-26_11-31-29_53891_5.log"}}
TpTrace Verbose: 0 : 23712, 7, 2023/06/26, 11:31:30.250, 3393623098194, vstest.console.dll, TestRunRequest:SendTestRunMessage: Starting.
TpTrace Verbose: 0 : 23712, 7, 2023/06/26, 11:31:30.251, 3393623099750, vstest.console.dll, MulticastDelegateUtilities.SafeInvoke: TestRun.LogMessages: Invoking callback 1/1 for Microsoft.VisualStudio.TestPlatform.CommandLine.TestRunResultAggregator., took 0 ms.
TpTrace Information: 0 : 23712, 7, 2023/06/26, 11:31:30.251, 3393623100066, vstest.console.dll, TestRunRequest:SendTestRunMessage: Completed.
TpTrace Verbose: 0 : 23712, 7, 2023/06/26, 11:31:30.251, 3393623100412, vstest.console.dll, MulticastDelegateUtilities.SafeInvoke: LengthPrefixCommunicationChannel: MessageReceived: Invoking callback 1/1 for Microsoft.VisualStudio.TestPlatform.CommunicationUtilities.TestRequestSender+<>c__DisplayClass34_0., took 6 ms.
TpTrace Verbose: 0 : 23712, 7, 2023/06/26, 11:31:30.251, 3393623100635, vstest.console.dll, TcpClientExtensions.MessageLoopAsync: Polling on remoteEndPoint: 127.0.0.1:57534 localEndPoint: 127.0.0.1:57533
TpTrace Verbose: 0 : 23712, 4, 2023/06/26, 11:31:30.251, 3393623100774, vstest.console.dll, MulticastDelegateUtilities.SafeInvoke: InternalTestLoggerEvents.SendTestRunMessage: Invoking callback 1/1 for Microsoft.VisualStudio.TestPlatform.CommandLine.Internal.ConsoleLogger., took 0 ms.
TpTrace Verbose: 0 : 23712, 5, 2023/06/26, 11:31:30.255, 3393623144712, vstest.console.dll, TestRequestSender.StartTestRun: Sending test run with message: {"Version":7,"MessageType":"TestExecution.StartWithSources","Payload":{"AdapterSourceMap":{"_none_":["C:\\Users\\Madhav15303\\source\\repos\\Assignment_UKHO\\Assignment_UKHO.Tests\\bin\\Debug\\net6.0\\fine-code-coverage\\build-output\\Assignment_UKHO.Tests.dll"]},"RunSettings":"<RunSettings>\r\n  <RunConfiguration>\r\n    <ResultsDirectory>C:\\Users\\Madhav15303\\source\\repos\\Assignment_UKHO\\Assignment_UKHO.Tests\\bin\\Debug\\net6.0\\fine-code-coverage\\coverage-tool-output</ResultsDirectory>\r\n    <TargetFrameworkVersion>.NETCoreApp,Version=v6.0</TargetFrameworkVersion>\r\n    <DesignMode>False</DesignMode>\r\n    <CollectSourceInformation>False</CollectSourceInformation>\r\n  </RunConfiguration>\r\n  <LoggerRunSettings>\r\n    <Loggers>\r\n      <Logger friendlyName=\"blame\" enabled=\"True\" />\r\n      <Logger friendlyName=\"Console\" uri=\"logger://microsoft/TestPlatform/ConsoleLogger/v1\" assemblyQualifiedName=\"Microsoft.VisualStudio.TestPlatform.CommandLine.Internal.ConsoleLogger, vstest.console, Version=15.0.0.0, Culture=neutral, PublicKeyToken=b03f5f7f11d50a3a\" codeBase=\"C:\\Program Files\\dotnet\\sdk\\7.0.304\\vstest.console.dll\" enabled=\"True\" />\r\n    </Loggers>\r\n  </LoggerRunSettings>\r\n  <DataCollectionRunSettings>\r\n    <DataCollectors>\r\n      <DataCollector friendlyName=\"blame\" enabled=\"True\">\r\n        <Configuration>\r\n          <ResultsDirectory>C:\\Users\\Madhav15303\\source\\repos\\Assignment_UKHO\\Assignment_UKHO.Tests\\bin\\Debug\\net6.0\\fine-code-coverage\\coverage-tool-output</ResultsDirectory>\r\n        </Configuration>\r\n      </DataCollector>\r\n    </DataCollectors>\r\n  </DataCollectionRunSettings>\r\n</RunSettings>","TestExecutionContext":{"FrequencyOfRunStatsChangeEvent":10,"RunStatsChangeEventTimeout":"00:00:01.5000000","InIsolation":false,"KeepAlive":false,"AreTestCaseLevelEventsRequired":false,"IsDebug":false,"TestCaseFilter":null,"FilterOptions":null},"Package":null}}
TpTrace Verbose: 0 : 23712, 7, 2023/06/26, 11:31:30.493, 3393625525696, vstest.console.dll, TcpClientExtensions.MessageLoopAsync: NotifyDataAvailable remoteEndPoint: 127.0.0.1:57534 localEndPoint: 127.0.0.1:57533
TpTrace Verbose: 0 : 23712, 7, 2023/06/26, 11:31:30.493, 3393625527900, vstest.console.dll, TestRequestSender.OnExecutionMessageReceived: Received message: {"Version":7,"MessageType":"TestSession.Message","Payload":{"MessageLevel":0,"Message":"NUnit Adapter 4.5.0.0: Test execution started"}}
TpTrace Verbose: 0 : 23712, 7, 2023/06/26, 11:31:30.494, 3393625531330, vstest.console.dll, TestRunRequest:SendTestRunMessage: Starting.
TpTrace Verbose: 0 : 23712, 7, 2023/06/26, 11:31:30.494, 3393625532152, vstest.console.dll, MulticastDelegateUtilities.SafeInvoke: TestRun.LogMessages: Invoking callback 1/1 for Microsoft.VisualStudio.TestPlatform.CommandLine.TestRunResultAggregator., took 0 ms.
TpTrace Information: 0 : 23712, 7, 2023/06/26, 11:31:30.494, 3393625532520, vstest.console.dll, TestRunRequest:SendTestRunMessage: Completed.
TpTrace Verbose: 0 : 23712, 4, 2023/06/26, 11:31:30.494, 3393625532263, vstest.console.dll, MulticastDelegateUtilities.SafeInvoke: InternalTestLoggerEvents.SendTestRunMessage: Invoking callback 1/1 for Microsoft.VisualStudio.TestPlatform.CommandLine.Internal.ConsoleLogger., took 0 ms.
TpTrace Verbose: 0 : 23712, 7, 2023/06/26, 11:31:30.494, 3393625532796, vstest.console.dll, MulticastDelegateUtilities.SafeInvoke: LengthPrefixCommunicationChannel: MessageReceived: Invoking callback 1/1 for Microsoft.VisualStudio.TestPlatform.CommunicationUtilities.TestRequestSender+<>c__DisplayClass34_0., took 0 ms.
TpTrace Verbose: 0 : 23712, 7, 2023/06/26, 11:31:30.494, 3393625533354, vstest.console.dll, TcpClientExtensions.MessageLoopAsync: Polling on remoteEndPoint: 127.0.0.1:57534 localEndPoint: 127.0.0.1:57533
TpTrace Verbose: 0 : 23712, 7, 2023/06/26, 11:31:30.527, 3393625862181, vstest.console.dll, TcpClientExtensions.MessageLoopAsync: NotifyDataAvailable remoteEndPoint: 127.0.0.1:57534 localEndPoint: 127.0.0.1:57533
TpTrace Verbose: 0 : 23712, 7, 2023/06/26, 11:31:30.527, 3393625863888, vstest.console.dll, TestRequestSender.OnExecutionMessageReceived: Received message: {"Version":7,"MessageType":"TestSession.Message","Payload":{"MessageLevel":0,"Message":"Running all tests in C:\\Users\\Madhav15303\\source\\repos\\Assignment_UKHO\\Assignment_UKHO.Tests\\bin\\Debug\\net6.0\\fine-code-coverage\\build-output\\Assignment_UKHO.Tests.dll"}}
TpTrace Verbose: 0 : 23712, 7, 2023/06/26, 11:31:30.527, 3393625864988, vstest.console.dll, TestRunRequest:SendTestRunMessage: Starting.
TpTrace Verbose: 0 : 23712, 7, 2023/06/26, 11:31:30.527, 3393625865404, vstest.console.dll, MulticastDelegateUtilities.SafeInvoke: TestRun.LogMessages: Invoking callback 1/1 for Microsoft.VisualStudio.TestPlatform.CommandLine.TestRunResultAggregator., took 0 ms.
TpTrace Information: 0 : 23712, 7, 2023/06/26, 11:31:30.527, 3393625865576, vstest.console.dll, TestRunRequest:SendTestRunMessage: Completed.
TpTrace Verbose: 0 : 23712, 7, 2023/06/26, 11:31:30.527, 3393625865742, vstest.console.dll, MulticastDelegateUtilities.SafeInvoke: LengthPrefixCommunicationChannel: MessageReceived: Invoking callback 1/1 for Microsoft.VisualStudio.TestPlatform.CommunicationUtilities.TestRequestSender+<>c__DisplayClass34_0., took 0 ms.
TpTrace Verbose: 0 : 23712, 4, 2023/06/26, 11:31:30.527, 3393625865830, vstest.console.dll, MulticastDelegateUtilities.SafeInvoke: InternalTestLoggerEvents.SendTestRunMessage: Invoking callback 1/1 for Microsoft.VisualStudio.TestPlatform.CommandLine.Internal.ConsoleLogger., took 0 ms.
TpTrace Verbose: 0 : 23712, 7, 2023/06/26, 11:31:30.527, 3393625865917, vstest.console.dll, TcpClientExtensions.MessageLoopAsync: Polling on remoteEndPoint: 127.0.0.1:57534 localEndPoint: 127.0.0.1:57533
TpTrace Verbose: 0 : 23712, 7, 2023/06/26, 11:31:30.683, 3393627420818, vstest.console.dll, TcpClientExtensions.MessageLoopAsync: NotifyDataAvailable remoteEndPoint: 127.0.0.1:57534 localEndPoint: 127.0.0.1:57533
TpTrace Verbose: 0 : 23712, 7, 2023/06/26, 11:31:30.683, 3393627422394, vstest.console.dll, TestRequestSender.OnExecutionMessageReceived: Received message: {"Version":7,"MessageType":"TestSession.Message","Payload":{"MessageLevel":0,"Message":"   NUnit3TestExecutor discovered 9 of 9 NUnit test cases using Current Discovery mode, Non-Explicit run"}}
TpTrace Verbose: 0 : 23712, 7, 2023/06/26, 11:31:30.683, 3393627423358, vstest.console.dll, TestRunRequest:SendTestRunMessage: Starting.
TpTrace Verbose: 0 : 23712, 7, 2023/06/26, 11:31:30.683, 3393627423751, vstest.console.dll, MulticastDelegateUtilities.SafeInvoke: TestRun.LogMessages: Invoking callback 1/1 for Microsoft.VisualStudio.TestPlatform.CommandLine.TestRunResultAggregator., took 0 ms.
TpTrace Information: 0 : 23712, 7, 2023/06/26, 11:31:30.683, 3393627423909, vstest.console.dll, TestRunRequest:SendTestRunMessage: Completed.
TpTrace Verbose: 0 : 23712, 7, 2023/06/26, 11:31:30.683, 3393627424104, vstest.console.dll, MulticastDelegateUtilities.SafeInvoke: LengthPrefixCommunicationChannel: MessageReceived: Invoking callback 1/1 for Microsoft.VisualStudio.TestPlatform.CommunicationUtilities.TestRequestSender+<>c__DisplayClass34_0., took 0 ms.
TpTrace Verbose: 0 : 23712, 7, 2023/06/26, 11:31:30.683, 3393627424289, vstest.console.dll, TcpClientExtensions.MessageLoopAsync: Polling on remoteEndPoint: 127.0.0.1:57534 localEndPoint: 127.0.0.1:57533
TpTrace Verbose: 0 : 23712, 4, 2023/06/26, 11:31:30.683, 3393627424901, vstest.console.dll, MulticastDelegateUtilities.SafeInvoke: InternalTestLoggerEvents.SendTestRunMessage: Invoking callback 1/1 for Microsoft.VisualStudio.TestPlatform.CommandLine.Internal.ConsoleLogger., took 0 ms.
TpTrace Verbose: 0 : 23712, 7, 2023/06/26, 11:31:31.691, 3393637505137, vstest.console.dll, TcpClientExtensions.MessageLoopAsync: Polling on remoteEndPoint: 127.0.0.1:57534 localEndPoint: 127.0.0.1:57533
TpTrace Verbose: 0 : 23712, 7, 2023/06/26, 11:31:31.891, 3393639506767, vstest.console.dll, TcpClientExtensions.MessageLoopAsync: NotifyDataAvailable remoteEndPoint: 127.0.0.1:57534 localEndPoint: 127.0.0.1:57533
TpTrace Verbose: 0 : 23712, 7, 2023/06/26, 11:31:31.892, 3393639510045, vstest.console.dll, TestRequestSender.OnExecutionMessageReceived: Received message: {"Version":7,"MessageType":"TestExecution.StatsChange","Payload":{"NewTestResults":[],"TestRunStatistics":{"ExecutedTests":0,"Stats":{}},"ActiveTests":[{"Id":"6a6f0c01-5d20-af30-fe09-b95ade7f005e","FullyQualifiedName":"Assignment_UKHO.Tests.BatchControllerTests.HttpGet_GetBatchById_ReturnsNotFound","DisplayName":"HttpGet_GetBatchById_ReturnsNotFound","ExecutorUri":"executor://NUnit3TestExecutor","Source":"C:\\Users\\Madhav15303\\source\\repos\\Assignment_UKHO\\Assignment_UKHO.Tests\\bin\\Debug\\net6.0\\fine-code-coverage\\build-output\\Assignment_UKHO.Tests.dll","CodeFilePath":null,"LineNumber":0,"Properties":[{"Key":{"Id":"NUnit.Seed","Label":"Seed","Category":"","Description":"","Attributes":0,"ValueType":"System.String"},"Value":"1427363051"}]}]}}
TpTrace Verbose: 0 : 23712, 7, 2023/06/26, 11:31:31.907, 3393639658622, vstest.console.dll, TestRunRequest:SendTestRunStatsChange: Starting.
TpTrace Verbose: 0 : 23712, 7, 2023/06/26, 11:31:31.907, 3393639660911, vstest.console.dll, InProgress is HttpGet_GetBatchById_ReturnsNotFound
TpTrace Verbose: 0 : 23712, 7, 2023/06/26, 11:31:31.907, 3393639662085, vstest.console.dll, MulticastDelegateUtilities.SafeInvoke: TestRun.RunStatsChanged: Invoking callbacks was skipped because there are no subscribers.
TpTrace Information: 0 : 23712, 7, 2023/06/26, 11:31:31.907, 3393639662303, vstest.console.dll, TestRunRequest:SendTestRunStatsChange: Completed.
TpTrace Verbose: 0 : 23712, 7, 2023/06/26, 11:31:31.907, 3393639662499, vstest.console.dll, MulticastDelegateUtilities.SafeInvoke: LengthPrefixCommunicationChannel: MessageReceived: Invoking callback 1/1 for Microsoft.VisualStudio.TestPlatform.CommunicationUtilities.TestRequestSender+<>c__DisplayClass34_0., took 15 ms.
TpTrace Verbose: 0 : 23712, 7, 2023/06/26, 11:31:31.907, 3393639662694, vstest.console.dll, TcpClientExtensions.MessageLoopAsync: Polling on remoteEndPoint: 127.0.0.1:57534 localEndPoint: 127.0.0.1:57533
TpTrace Verbose: 0 : 23712, 7, 2023/06/26, 11:31:31.947, 3393640064547, vstest.console.dll, TcpClientExtensions.MessageLoopAsync: NotifyDataAvailable remoteEndPoint: 127.0.0.1:57534 localEndPoint: 127.0.0.1:57533
TpTrace Verbose: 0 : 23712, 7, 2023/06/26, 11:31:31.947, 3393640066005, vstest.console.dll, TestRequestSender.OnExecutionMessageReceived: Received message: {"Version":7,"MessageType":"TestSession.Message","Payload":{"MessageLevel":0,"Message":"NUnit Adapter 4.5.0.0: Test execution complete"}}
TpTrace Verbose: 0 : 23712, 7, 2023/06/26, 11:31:31.947, 3393640067092, vstest.console.dll, TestRunRequest:SendTestRunMessage: Starting.
TpTrace Verbose: 0 : 23712, 7, 2023/06/26, 11:31:31.947, 3393640067456, vstest.console.dll, MulticastDelegateUtilities.SafeInvoke: TestRun.LogMessages: Invoking callback 1/1 for Microsoft.VisualStudio.TestPlatform.CommandLine.TestRunResultAggregator., took 0 ms.
TpTrace Information: 0 : 23712, 7, 2023/06/26, 11:31:31.947, 3393640067673, vstest.console.dll, TestRunRequest:SendTestRunMessage: Completed.
TpTrace Verbose: 0 : 23712, 7, 2023/06/26, 11:31:31.947, 3393640067851, vstest.console.dll, MulticastDelegateUtilities.SafeInvoke: LengthPrefixCommunicationChannel: MessageReceived: Invoking callback 1/1 for Microsoft.VisualStudio.TestPlatform.CommunicationUtilities.TestRequestSender+<>c__DisplayClass34_0., took 0 ms.
TpTrace Verbose: 0 : 23712, 7, 2023/06/26, 11:31:31.947, 3393640068060, vstest.console.dll, TcpClientExtensions.MessageLoopAsync: Polling on remoteEndPoint: 127.0.0.1:57534 localEndPoint: 127.0.0.1:57533
TpTrace Verbose: 0 : 23712, 4, 2023/06/26, 11:31:31.947, 3393640067845, vstest.console.dll, MulticastDelegateUtilities.SafeInvoke: InternalTestLoggerEvents.SendTestRunMessage: Invoking callback 1/1 for Microsoft.VisualStudio.TestPlatform.CommandLine.Internal.ConsoleLogger., took 0 ms.
TpTrace Verbose: 0 : 23712, 7, 2023/06/26, 11:31:31.974, 3393640330216, vstest.console.dll, TcpClientExtensions.MessageLoopAsync: NotifyDataAvailable remoteEndPoint: 127.0.0.1:57534 localEndPoint: 127.0.0.1:57533
TpTrace Verbose: 0 : 23712, 7, 2023/06/26, 11:31:31.974, 3393640334611, vstest.console.dll, TestRequestSender.OnExecutionMessageReceived: Received message: {"Version":7,"MessageType":"TestExecution.Completed","Payload":{"TestRunCompleteArgs":{"TestRunStatistics":{"ExecutedTests":9,"Stats":{"Passed":9}},"IsCanceled":false,"IsAborted":false,"Error":null,"AttachmentSets":[],"InvokedDataCollectors":[],"ElapsedTimeInRunningTests":"00:00:01.5198983","Metrics":{},"DiscoveredExtensions":{"TestDiscoverers":["NUnit.VisualStudio.TestAdapter.NUnit3TestDiscoverer, NUnit3.TestAdapter, Version=4.5.0.0, Culture=neutral, PublicKeyToken=4cb40d35494691ac"],"TestExecutors":["executor://NUnit3TestExecutor"],"TestExecutors2":[],"TestSettingsProviders":[]}},"LastRunTests":{"NewTestResults":[{"TestCase":{"Id":"6a6f0c01-5d20-af30-fe09-b95ade7f005e","FullyQualifiedName":"Assignment_UKHO.Tests.BatchControllerTests.HttpGet_GetBatchById_ReturnsNotFound","DisplayName":"HttpGet_GetBatchById_ReturnsNotFound","ExecutorUri":"executor://NUnit3TestExecutor","Source":"C:\\Users\\Madhav15303\\source\\repos\\Assignment_UKHO\\Assignment_UKHO.Tests\\bin\\Debug\\net6.0\\fine-code-coverage\\build-output\\Assignment_UKHO.Tests.dll","CodeFilePath":null,"LineNumber":0,"Properties":[{"Key":{"Id":"NUnit.Seed","Label":"Seed","Category":"","Description":"","Attributes":0,"ValueType":"System.String"},"Value":"1427363051"}]},"Attachments":[],"Outcome":1,"ErrorMessage":null,"ErrorStackTrace":null,"DisplayName":"HttpGet_GetBatchById_ReturnsNotFound","Messages":[],"ComputerName":"IN-MH1LPW102585","Duration":"00:00:00.2677040","StartTime":"2023-06-26T06:01:31.6049368+00:00","EndTime":"2023-06-26T06:01:31.8725922+00:00","Properties":[{"Key":{"Id":"NUnit.Seed","Label":"Seed","Category":"","Description":"","Attributes":0,"ValueType":"System.String"},"Value":"1427363051"}]},{"TestCase":{"Id":"3360c51e-3f45-b8a1-4938-016e9fa8f138","FullyQualifiedName":"Assignment_UKHO.Tests.BatchControllerTests.HttpGet_GetBatchById_ReturnsOk","DisplayName":"HttpGet_GetBatchById_ReturnsOk","ExecutorUri":"executor://NUnit3TestExecutor","Source":"C:\\Users\\Madhav15303\\source\\repos\\Assignment_UKHO\\Assignment_UKHO.Tests\\bin\\Debug\\net6.0\\fine-code-coverage\\build-output\\Assignment_UKHO.Tests.dll","CodeFilePath":null,"LineNumber":0,"Properties":[{"Key":{"Id":"NUnit.Seed","Label":"Seed","Category":"","Description":"","Attributes":0,"ValueType":"System.String"},"Value":"1253320307"}]},"Attachments":[],"Outcome":1,"ErrorMessage":null,"ErrorStackTrace":null,"DisplayName":"HttpGet_GetBatchById_ReturnsOk","Messages":[],"ComputerName":"IN-MH1LPW102585","Duration":"00:00:00.0067950","StartTime":"2023-06-26T06:01:31.8742879+00:00","EndTime":"2023-06-26T06:01:31.8810829+00:00","Properties":[{"Key":{"Id":"NUnit.Seed","Label":"Seed","Category":"","Description":"","Attributes":0,"ValueType":"System.String"},"Value":"1253320307"}]},{"TestCase":{"Id":"e2052b28-75ca-cec7-12d6-5bbcd202fd65","FullyQualifiedName":"Assignment_UKHO.Tests.BatchControllerTests.HttpPost_CreateBatch_BusinessUnitIsInvalid_ReturnsBadRequest","DisplayName":"HttpPost_CreateBatch_BusinessUnitIsInvalid_ReturnsBadRequest","ExecutorUri":"executor://NUnit3TestExecutor","Source":"C:\\Users\\Madhav15303\\source\\repos\\Assignment_UKHO\\Assignment_UKHO.Tests\\bin\\Debug\\net6.0\\fine-code-coverage\\build-output\\Assignment_UKHO.Tests.dll","CodeFilePath":null,"LineNumber":0,"Properties":[{"Key":{"Id":"NUnit.Seed","Label":"Seed","Category":"","Description":"","Attributes":0,"ValueType":"System.String"},"Value":"72274172"}]},"Attachments":[],"Outcome":1,"ErrorMessage":null,"ErrorStackTrace":null,"DisplayName":"HttpPost_CreateBatch_BusinessUnitIsInvalid_ReturnsBadRequest","Messages":[],"ComputerName":"IN-MH1LPW102585","Duration":"00:00:00.0110730","StartTime":"2023-06-26T06:01:31.8811097+00:00","EndTime":"2023-06-26T06:01:31.8921824+00:00","Properties":[{"Key":{"Id":"NUnit.Seed","Label":"Seed","Category":"","Description":"","Attributes":0,"ValueType":"System.String"},"Value":"72274172"}]},{"TestCase":{"Id":"1ba9e88e-fd05-10ec-3521-38489d1d50a2","FullyQualifiedName":"Assignment_UKHO.Tests.BatchControllerTests.HttpPost_CreateBatch_BusinessUnitIsValid_ReturnsCreated","DisplayName":"HttpPost_CreateBatch_BusinessUnitIsValid_ReturnsCreated","ExecutorUri":"executor://NUnit3TestExecutor","Source":"C:\\Users\\Madhav15303\\source\\repos\\Assignment_UKHO\\Assignment_UKHO.Tests\\bin\\Debug\\net6.0\\fine-code-coverage\\build-output\\Assignment_UKHO.Tests.dll","CodeFilePath":null,"LineNumber":0,"Properties":[{"Key":{"Id":"NUnit.Seed","Label":"Seed","Category":"","Description":"","Attributes":0,"ValueType":"System.String"},"Value":"1251514935"}]},"Attachments":[],"Outcome":1,"ErrorMessage":null,"ErrorStackTrace":null,"DisplayName":"HttpPost_CreateBatch_BusinessUnitIsValid_ReturnsCreated","Messages":[],"ComputerName":"IN-MH1LPW102585","Duration":"00:00:00.0211300","StartTime":"2023-06-26T06:01:31.8922085+00:00","EndTime":"2023-06-26T06:01:31.9133382+00:00","Properties":[{"Key":{"Id":"NUnit.Seed","Label":"Seed","Category":"","Description":"","Attributes":0,"ValueType":"System.String"},"Value":"1251514935"}]},{"TestCase":{"Id":"255efbed-767b-87d3-4c2a-0c2dfd9b59ba","FullyQualifiedName":"Assignment_UKHO.Tests.BatchRepositoryTests.CreateBatch_WhenCalled_CreatesABatch","DisplayName":"CreateBatch_WhenCalled_CreatesABatch","ExecutorUri":"executor://NUnit3TestExecutor","Source":"C:\\Users\\Madhav15303\\source\\repos\\Assignment_UKHO\\Assignment_UKHO.Tests\\bin\\Debug\\net6.0\\fine-code-coverage\\build-output\\Assignment_UKHO.Tests.dll","CodeFilePath":null,"LineNumber":0,"Properties":[{"Key":{"Id":"NUnit.Seed","Label":"Seed","Category":"","Description":"","Attributes":0,"ValueType":"System.String"},"Value":"809828852"}]},"Attachments":[],"Outcome":1,"ErrorMessage":null,"ErrorStackTrace":null,"DisplayName":"CreateBatch_WhenCalled_CreatesABatch","Messages":[],"ComputerName":"IN-MH1LPW102585","Duration":"00:00:00.0071100","StartTime":"2023-06-26T06:01:31.915836+00:00","EndTime":"2023-06-26T06:01:31.9229458+00:00","Properties":[{"Key":{"Id":"NUnit.Seed","Label":"Seed","Category":"","Description":"","Attributes":0,"ValueType":"System.String"},"Value":"809828852"}]},{"TestCase":{"Id":"ab0ee847-c80f-c8a4-882d-69f029d39511","FullyQualifiedName":"Assignment_UKHO.Tests.BatchRepositoryTests.GetBatchById_WhenCalled_ReturnsBatch","DisplayName":"GetBatchById_WhenCalled_ReturnsBatch","ExecutorUri":"executor://NUnit3TestExecutor","Source":"C:\\Users\\Madhav15303\\source\\repos\\Assignment_UKHO\\Assignment_UKHO.Tests\\bin\\Debug\\net6.0\\fine-code-coverage\\build-output\\Assignment_UKHO.Tests.dll","CodeFilePath":null,"LineNumber":0,"Properties":[{"Key":{"Id":"NUnit.Seed","Label":"Seed","Category":"","Description":"","Attributes":0,"ValueType":"System.String"},"Value":"1090602579"}]},"Attachments":[],"Outcome":1,"ErrorMessage":null,"ErrorStackTrace":null,"DisplayName":"GetBatchById_WhenCalled_ReturnsBatch","Messages":[],"ComputerName":"IN-MH1LPW102585","Duration":"00:00:00.0029670","StartTime":"2023-06-26T06:01:31.9229747+00:00","EndTime":"2023-06-26T06:01:31.9259415+00:00","Properties":[{"Key":{"Id":"NUnit.Seed","Label":"Seed","Category":"","Description":"","Attributes":0,"ValueType":"System.String"},"Value":"1090602579"}]},{"TestCase":{"Id":"11584918-f765-70ca-a7a7-87644b3ea27e","FullyQualifiedName":"Assignment_UKHO.Tests.BatchRepositoryTests.GetBatchById_WhenCalled_ReturnsNull","DisplayName":"GetBatchById_WhenCalled_ReturnsNull","ExecutorUri":"executor://NUnit3TestExecutor","Source":"C:\\Users\\Madhav15303\\source\\repos\\Assignment_UKHO\\Assignment_UKHO.Tests\\bin\\Debug\\net6.0\\fine-code-coverage\\build-output\\Assignment_UKHO.Tests.dll","CodeFilePath":null,"LineNumber":0,"Properties":[{"Key":{"Id":"NUnit.Seed","Label":"Seed","Category":"","Description":"","Attributes":0,"ValueType":"System.String"},"Value":"671323024"}]},"Attachments":[],"Outcome":1,"ErrorMessage":null,"ErrorStackTrace":null,"DisplayName":"GetBatchById_WhenCalled_ReturnsNull","Messages":[],"ComputerName":"IN-MH1LPW102585","Duration":"00:00:00.0008280","StartTime":"2023-06-26T06:01:31.9259666+00:00","EndTime":"2023-06-26T06:01:31.9267945+00:00","Properties":[{"Key":{"Id":"NUnit.Seed","Label":"Seed","Category":"","Description":"","Attributes":0,"ValueType":"System.String"},"Value":"671323024"}]},{"TestCase":{"Id":"ed62b37e-9d47-188b-c28e-f4ca5fcf7dff","FullyQualifiedName":"Assignment_UKHO.Tests.BatchServiceTest.CreateBatch_WhenCalled_CreatesABatch","DisplayName":"CreateBatch_WhenCalled_CreatesABatch","ExecutorUri":"executor://NUnit3TestExecutor","Source":"C:\\Users\\Madhav15303\\source\\repos\\Assignment_UKHO\\Assignment_UKHO.Tests\\bin\\Debug\\net6.0\\fine-code-coverage\\build-output\\Assignment_UKHO.Tests.dll","CodeFilePath":null,"LineNumber":0,"Properties":[{"Key":{"Id":"NUnit.Seed","Label":"Seed","Category":"","Description":"","Attributes":0,"ValueType":"System.String"},"Value":"1057292249"}]},"Attachments":[],"Outcome":1,"ErrorMessage":null,"ErrorStackTrace":null,"DisplayName":"CreateBatch_WhenCalled_CreatesABatch","Messages":[],"ComputerName":"IN-MH1LPW102585","Duration":"00:00:00.0007300","StartTime":"2023-06-26T06:01:31.937176+00:00","EndTime":"2023-06-26T06:01:31.9379063+00:00","Properties":[{"Key":{"Id":"NUnit.Seed","Label":"Seed","Category":"","Description":"","Attributes":0,"ValueType":"System.String"},"Value":"1057292249"}]},{"TestCase":{"Id":"c3284016-9d18-5489-8f33-40fd15fbcfec","FullyQualifiedName":"Assignment_UKHO.Tests.BatchServiceTest.GetBatchById_WhenCalled_ReturnsBatch","DisplayName":"GetBatchById_WhenCalled_ReturnsBatch","ExecutorUri":"executor://NUnit3TestExecutor","Source":"C:\\Users\\Madhav15303\\source\\repos\\Assignment_UKHO\\Assignment_UKHO.Tests\\bin\\Debug\\net6.0\\fine-code-coverage\\build-output\\Assignment_UKHO.Tests.dll","CodeFilePath":null,"LineNumber":0,"Properties":[{"Key":{"Id":"NUnit.Seed","Label":"Seed","Category":"","Description":"","Attributes":0,"ValueType":"System.String"},"Value":"1544727903"}]},"Attachments":[],"Outcome":1,"ErrorMessage":null,"ErrorStackTrace":null,"DisplayName":"GetBatchById_WhenCalled_ReturnsBatch","Messages":[],"ComputerName":"IN-MH1LPW102585","Duration":"00:00:00.0006220","StartTime":"2023-06-26T06:01:31.9379192+00:00","EndTime":"2023-06-26T06:01:31.9385406+00:00","Properties":[{"Key":{"Id":"NUnit.Seed","Label":"Seed","Category":"","Description":"","Attributes":0,"ValueType":"System.String"},"Value":"1544727903"}]}],"TestRunStatistics":{"ExecutedTests":9,"Stats":{"Passed":9}},"ActiveTests":[]},"RunAttachments":[],"ExecutorUris":["executor://nunit3testexecutor/"]}}
TpTrace Verbose: 0 : 23712, 7, 2023/06/26, 11:31:31.974, 3393640335782, vstest.console.dll, TestRequestSender.EndSession: Sending end session.
TpTrace Verbose: 0 : 23712, 7, 2023/06/26, 11:31:31.974, 3393640337369, vstest.console.dll, ProxyOperationManager.Close: waiting for test host to exit for 100 ms
TpTrace Warning: 0 : 23712, 11, 2023/06/26, 11:31:32.008, 3393640676173, vstest.console.dll, TestHostManagerCallbacks.ErrorReceivedCallback Test host standard error line: 
TpTrace Verbose: 0 : 23712, 11, 2023/06/26, 11:31:32.018, 3393640777454, vstest.console.dll, TestHostProvider.ExitCallBack: Host exited starting callback.
TpTrace Information: 0 : 23712, 11, 2023/06/26, 11:31:32.019, 3393640778893, vstest.console.dll, TestHostManagerCallbacks.ExitCallBack: Testhost processId: 20012 exited with exitcode: 0 error: ''
TpTrace Verbose: 0 : 23712, 11, 2023/06/26, 11:31:32.019, 3393640779148, vstest.console.dll, DotnetTestHostManager.OnHostExited: invoking OnHostExited callback
TpTrace Verbose: 0 : 23712, 11, 2023/06/26, 11:31:32.019, 3393640779638, vstest.console.dll, CrossPlatEngine.TestHostManagerHostExited: calling on client process exit callback.
TpTrace Information: 0 : 23712, 11, 2023/06/26, 11:31:32.019, 3393640779967, vstest.console.dll, TestRequestSender.OnClientProcessExit: Test host process exited. Standard error: 
TpTrace Information: 0 : 23712, 11, 2023/06/26, 11:31:32.019, 3393640780196, vstest.console.dll, SocketServer.Stop: Stop server endPoint: 127.0.0.1:57533
TpTrace Information: 0 : 23712, 11, 2023/06/26, 11:31:32.019, 3393640780338, vstest.console.dll, SocketServer.Stop: Cancellation requested. Stopping message loop.
TpTrace Verbose: 0 : 23712, 11, 2023/06/26, 11:31:32.019, 3393640780876, vstest.console.dll, MulticastDelegateUtilities.SafeInvoke: HostProviderEvents.OnHostExited: Invoking callback 1/1 for Microsoft.VisualStudio.TestPlatform.CrossPlatEngine.Client.ProxyOperationManager., took 0 ms.
TpTrace Information: 0 : 23712, 7, 2023/06/26, 11:31:32.019, 3393640782011, vstest.console.dll, SocketServer.Stop: Stop server endPoint: 127.0.0.1:57533
TpTrace Information: 0 : 23712, 7, 2023/06/26, 11:31:32.019, 3393640782365, vstest.console.dll, SocketServer.Stop: Cancellation requested. Stopping message loop.
TpTrace Information: 0 : 23712, 7, 2023/06/26, 11:31:32.019, 3393640782614, vstest.console.dll, Closing the connection
TpTrace Verbose: 0 : 23712, 7, 2023/06/26, 11:31:32.019, 3393640784063, vstest.console.dll, ProxyDataCollectionManager.InvokeDataCollectionServiceAction: Starting.
TpTrace Information: 0 : 23712, 7, 2023/06/26, 11:31:32.019, 3393640784346, vstest.console.dll, ProxyDataCollectionManager.AfterTestRunEnd: Get attachment set and invoked data collectors processId: 24244 port: 57530
TpTrace Verbose: 0 : 23712, 7, 2023/06/26, 11:31:32.019, 3393640784603, vstest.console.dll, DataCollectionRequestSender.SendAfterTestRunStartAndGetResult: Send AfterTestRunEnd message with isCancelled: False
TpTrace Verbose: 0 : 23712, 7, 2023/06/26, 11:31:32.025, 3393640843822, vstest.console.dll, DataCollectionRequestSender.SendAfterTestRunStartAndGetResult: Received message: (DataCollection.AfterTestRunEndResult) -> {"MessageType":"DataCollection.AfterTestRunEndResult","Payload":{"AttachmentSets":[],"InvokedDataCollectors":[{"Uri":"datacollector://Microsoft/TestPlatform/Extensions/Blame/v1","FriendlyName":"Blame","AssemblyQualifiedName":"Microsoft.TestPlatform.Extensions.BlameDataCollector.BlameCollector, Microsoft.TestPlatform.Extensions.BlameDataCollector, Version=15.0.0.0, Culture=neutral, PublicKeyToken=b03f5f7f11d50a3a","FilePath":"C:\\Program Files\\dotnet\\sdk\\7.0.304\\Extensions\\Microsoft.TestPlatform.Extensions.BlameDataCollector.dll","HasAttachmentProcessor":false}],"Metrics":{}}}
TpTrace Information: 0 : 23712, 7, 2023/06/26, 11:31:32.030, 3393640893068, vstest.console.dll, ProxyDataCollectionManager.InvokeDataCollectionServiceAction: Completed.
TpTrace Warning: 0 : 23712, 10, 2023/06/26, 11:31:32.031, 3393640906724, vstest.console.dll, DataCollectionLauncher.ErrorReceivedCallback datacollector standard error line: 
TpTrace Information: 0 : 23712, 10, 2023/06/26, 11:31:32.037, 3393640961989, vstest.console.dll, DataCollectionLauncher.ExitCallBack: Data collector exited with exitcode: 0 error: ''
TpTrace Verbose: 0 : 23712, 7, 2023/06/26, 11:31:32.075, 3393641340748, vstest.console.dll, TestRunRequest:SendTestRunStatsChange: Starting.
TpTrace Verbose: 0 : 23712, 7, 2023/06/26, 11:31:32.075, 3393641343547, vstest.console.dll, MulticastDelegateUtilities.SafeInvoke: TestRun.RunStatsChanged: Invoking callbacks was skipped because there are no subscribers.
TpTrace Information: 0 : 23712, 7, 2023/06/26, 11:31:32.075, 3393641343873, vstest.console.dll, TestRunRequest:SendTestRunStatsChange: Completed.
TpTrace Verbose: 0 : 23712, 7, 2023/06/26, 11:31:32.076, 3393641352531, vstest.console.dll, ParallelProxyExecutionManager: HandlePartialRunComplete: Total completed clients = 1, Run complete = True, Run canceled: False.
TpTrace Verbose: 0 : 23712, 4, 2023/06/26, 11:31:32.077, 3393641366257, vstest.console.dll, MulticastDelegateUtilities.SafeInvoke: InternalTestLoggerEvents.SendTestResult: Invoking callback 1/1 for Microsoft.VisualStudio.TestPlatform.CommandLine.Internal.ConsoleLogger., took 2 ms.
TpTrace Verbose: 0 : 23712, 4, 2023/06/26, 11:31:32.078, 3393641370446, vstest.console.dll, MulticastDelegateUtilities.SafeInvoke: InternalTestLoggerEvents.SendTestResult: Invoking callback 1/1 for Microsoft.VisualStudio.TestPlatform.CommandLine.Internal.ConsoleLogger., took 0 ms.
TpTrace Verbose: 0 : 23712, 4, 2023/06/26, 11:31:32.078, 3393641371418, vstest.console.dll, MulticastDelegateUtilities.SafeInvoke: InternalTestLoggerEvents.SendTestResult: Invoking callback 1/1 for Microsoft.VisualStudio.TestPlatform.CommandLine.Internal.ConsoleLogger., took 0 ms.
TpTrace Verbose: 0 : 23712, 4, 2023/06/26, 11:31:32.078, 3393641371817, vstest.console.dll, MulticastDelegateUtilities.SafeInvoke: InternalTestLoggerEvents.SendTestResult: Invoking callback 1/1 for Microsoft.VisualStudio.TestPlatform.CommandLine.Internal.ConsoleLogger., took 0 ms.
TpTrace Verbose: 0 : 23712, 4, 2023/06/26, 11:31:32.078, 3393641372179, vstest.console.dll, MulticastDelegateUtilities.SafeInvoke: InternalTestLoggerEvents.SendTestResult: Invoking callback 1/1 for Microsoft.VisualStudio.TestPlatform.CommandLine.Internal.ConsoleLogger., took 0 ms.
TpTrace Verbose: 0 : 23712, 4, 2023/06/26, 11:31:32.078, 3393641372524, vstest.console.dll, MulticastDelegateUtilities.SafeInvoke: InternalTestLoggerEvents.SendTestResult: Invoking callback 1/1 for Microsoft.VisualStudio.TestPlatform.CommandLine.Internal.ConsoleLogger., took 0 ms.
TpTrace Verbose: 0 : 23712, 4, 2023/06/26, 11:31:32.078, 3393641372939, vstest.console.dll, MulticastDelegateUtilities.SafeInvoke: InternalTestLoggerEvents.SendTestResult: Invoking callback 1/1 for Microsoft.VisualStudio.TestPlatform.CommandLine.Internal.ConsoleLogger., took 0 ms.
TpTrace Verbose: 0 : 23712, 4, 2023/06/26, 11:31:32.078, 3393641373302, vstest.console.dll, MulticastDelegateUtilities.SafeInvoke: InternalTestLoggerEvents.SendTestResult: Invoking callback 1/1 for Microsoft.VisualStudio.TestPlatform.CommandLine.Internal.ConsoleLogger., took 0 ms.
TpTrace Verbose: 0 : 23712, 4, 2023/06/26, 11:31:32.078, 3393641373614, vstest.console.dll, MulticastDelegateUtilities.SafeInvoke: InternalTestLoggerEvents.SendTestResult: Invoking callback 1/1 for Microsoft.VisualStudio.TestPlatform.CommandLine.Internal.ConsoleLogger., took 0 ms.
TpTrace Verbose: 0 : 23712, 4, 2023/06/26, 11:31:32.086, 3393641449447, vstest.console.dll, MulticastDelegateUtilities.SafeInvoke: InternalTestLoggerEvents.SendTestRunComplete: Invoking callback 1/2 for Microsoft.TestPlatform.Extensions.BlameDataCollector.BlameLogger., took 0 ms.
TpTrace Verbose: 0 : 23712, 4, 2023/06/26, 11:31:32.091, 3393641504102, vstest.console.dll, MulticastDelegateUtilities.SafeInvoke: InternalTestLoggerEvents.SendTestRunComplete: Invoking callback 2/2 for Microsoft.VisualStudio.TestPlatform.CommandLine.Internal.ConsoleLogger., took 5 ms.
TpTrace Verbose: 0 : 23712, 7, 2023/06/26, 11:31:32.092, 3393641508340, vstest.console.dll, TestRunRequest:TestRunComplete: Starting. IsAborted:False IsCanceled:False.
TpTrace Verbose: 0 : 23712, 7, 2023/06/26, 11:31:32.093, 3393641522484, vstest.console.dll, TestLoggerManager.HandleTestRunComplete: Ignoring as the object is disposed.
TpTrace Verbose: 0 : 23712, 7, 2023/06/26, 11:31:32.093, 3393641525296, vstest.console.dll, MulticastDelegateUtilities.SafeInvoke: TestRun.TestRunComplete: Invoking callback 1/2 for Microsoft.VisualStudio.TestPlatform.CommandLine.TestRunResultAggregator., took 0 ms.
TpTrace Verbose: 0 : 23712, 7, 2023/06/26, 11:31:32.093, 3393641527053, vstest.console.dll, MulticastDelegateUtilities.SafeInvoke: TestRun.TestRunComplete: Invoking callback 2/2 for Microsoft.VisualStudio.TestPlatform.CommandLine.Processors.RunTestsArgumentExecutor+TestRunRequestEventsRegistrar., took 0 ms.
TpTrace Information: 0 : 23712, 7, 2023/06/26, 11:31:32.093, 3393641528050, vstest.console.dll, TestRunRequest:TestRunComplete: Completed.
TpTrace Verbose: 0 : 23712, 7, 2023/06/26, 11:31:32.094, 3393641528315, vstest.console.dll, TestRequestSender.SetOperationComplete: Setting operation complete.
TpTrace Information: 0 : 23712, 7, 2023/06/26, 11:31:32.094, 3393641528480, vstest.console.dll, SocketServer.Stop: Stop server endPoint: 127.0.0.1:57533
TpTrace Information: 0 : 23712, 7, 2023/06/26, 11:31:32.094, 3393641528617, vstest.console.dll, SocketServer.Stop: Cancellation requested. Stopping message loop.
TpTrace Verbose: 0 : 23712, 7, 2023/06/26, 11:31:32.094, 3393641528863, vstest.console.dll, MulticastDelegateUtilities.SafeInvoke: LengthPrefixCommunicationChannel: MessageReceived: Invoking callback 1/1 for Microsoft.VisualStudio.TestPlatform.CommunicationUtilities.TestRequestSender+<>c__DisplayClass34_0., took 119 ms.
TpTrace Information: 0 : 23712, 7, 2023/06/26, 11:31:32.094, 3393641529204, vstest.console.dll, SocketServer.PrivateStop: Stopping server endPoint: 127.0.0.1:57533 error: 
TpTrace Verbose: 0 : 23712, 1, 2023/06/26, 11:31:32.094, 3393641529206, vstest.console.dll, TestRunRequest.Dispose: Starting.
TpTrace Information: 0 : 23712, 1, 2023/06/26, 11:31:32.094, 3393641530075, vstest.console.dll, TestRunRequest.Dispose: Completed.
TpTrace Information: 0 : 23712, 1, 2023/06/26, 11:31:32.094, 3393641530366, vstest.console.dll, TestRequestManager.RunTests: run tests completed.
TpTrace Information: 0 : 23712, 1, 2023/06/26, 11:31:32.094, 3393641531547, vstest.console.dll, RunTestsArgumentProcessor:Execute: Test run is completed.
TpTrace Verbose: 0 : 23712, 1, 2023/06/26, 11:31:32.094, 3393641533417, vstest.console.dll, Executor.Execute: Exiting with exit code of 0
TpTrace Verbose: 0 : 23712, 7, 2023/06/26, 11:31:32.094, 3393641533753, vstest.console.dll, LengthPrefixCommunicationChannel.Dispose: Dispose reader and writer.
TpTrace Information: 0 : 23712, 7, 2023/06/26, 11:31:32.094, 3393641534311, vstest.console.dll, SocketServer.Stop: Raise disconnected event endPoint: 127.0.0.1:57533 error: 
TpTrace Verbose: 0 : 23712, 7, 2023/06/26, 11:31:32.094, 3393641535392, vstest.console.dll, TestRequestSender: OnTestRunAbort: Operation is already complete. Skip error message.
TpTrace Verbose: 0 : 23712, 7, 2023/06/26, 11:31:32.094, 3393641535721, vstest.console.dll, MulticastDelegateUtilities.SafeInvoke: SocketServer: ClientDisconnected: Invoking callback 1/1 for Microsoft.VisualStudio.TestPlatform.CommunicationUtilities.TestRequestSender., took 0 ms.
TpTrace Verbose: 0 : 23712, 7, 2023/06/26, 11:31:32.094, 3393641535947, vstest.console.dll, TcpClientExtensions.MessageLoopAsync: exiting MessageLoopAsync remoteEndPoint: 127.0.0.1:57534 localEndPoint: 127.0.0.1:57533
